[2025-06-15T15:04:32.802+0000] {processor.py:186} INFO - Started process (PID=1450) to work on /opt/airflow/dags/data_quality.py
[2025-06-15T15:04:32.836+0000] {processor.py:914} INFO - Processing file /opt/airflow/dags/data_quality.py for tasks to queue
[2025-06-15T15:04:32.877+0000] {logging_mixin.py:190} INFO - [2025-06-15T15:04:32.876+0000] {dagbag.py:588} INFO - Filling up the DagBag from /opt/airflow/dags/data_quality.py
[2025-06-15T15:04:38.293+0000] {logging_mixin.py:190} INFO - [2025-06-15T15:04:38.275+0000] {dagbag.py:484} ERROR - Failed to bag_dag: /opt/airflow/dags/data_quality.py
Traceback (most recent call last):
  File "/home/airflow/.local/lib/python3.12/site-packages/airflow/timetables/_cron.py", line 102, in validate
    croniter(self._expression)
  File "/home/airflow/.local/lib/python3.12/site-packages/croniter/croniter.py", line 271, in __init__
    self.expanded, self.nth_weekday_of_month = self.expand(
                                               ^^^^^^^^^^^^
  File "/home/airflow/.local/lib/python3.12/site-packages/croniter/croniter.py", line 1032, in expand
    return cls._expand(expr_format, hash_id=hash_id,
           ^^^^^^^^^^^^^^^^^^^^^^^^^^^^^^^^^^^^^^^^^
  File "/home/airflow/.local/lib/python3.12/site-packages/croniter/croniter.py", line 834, in _expand
    raise CroniterBadCronError(cls.bad_length)
croniter.croniter.CroniterBadCronError: Exactly 5, 6 or 7 columns has to be specified for iterator expression.

During handling of the above exception, another exception occurred:

Traceback (most recent call last):
  File "/home/airflow/.local/lib/python3.12/site-packages/airflow/models/dagbag.py", line 479, in _process_modules
    dag.validate()
  File "/home/airflow/.local/lib/python3.12/site-packages/airflow/models/dag.py", line 845, in validate
    self.timetable.validate()
  File "/home/airflow/.local/lib/python3.12/site-packages/airflow/timetables/_cron.py", line 104, in validate
    raise AirflowTimetableInvalid(str(e))
airflow.exceptions.AirflowTimetableInvalid: Exactly 5, 6 or 7 columns has to be specified for iterator expression.
[2025-06-15T15:04:38.363+0000] {processor.py:927} WARNING - No viable dags retrieved from /opt/airflow/dags/data_quality.py
[2025-06-15T15:04:38.744+0000] {processor.py:208} INFO - Processing /opt/airflow/dags/data_quality.py took 6.070 seconds
[2025-06-15T15:05:10.758+0000] {processor.py:186} INFO - Started process (PID=1462) to work on /opt/airflow/dags/data_quality.py
[2025-06-15T15:05:10.794+0000] {processor.py:914} INFO - Processing file /opt/airflow/dags/data_quality.py for tasks to queue
[2025-06-15T15:05:10.882+0000] {logging_mixin.py:190} INFO - [2025-06-15T15:05:10.872+0000] {dagbag.py:588} INFO - Filling up the DagBag from /opt/airflow/dags/data_quality.py
[2025-06-15T15:05:21.224+0000] {logging_mixin.py:190} INFO - [2025-06-15T15:05:21.193+0000] {dagbag.py:484} ERROR - Failed to bag_dag: /opt/airflow/dags/data_quality.py
Traceback (most recent call last):
  File "/home/airflow/.local/lib/python3.12/site-packages/airflow/timetables/_cron.py", line 102, in validate
    croniter(self._expression)
  File "/home/airflow/.local/lib/python3.12/site-packages/croniter/croniter.py", line 271, in __init__
    self.expanded, self.nth_weekday_of_month = self.expand(
                                               ^^^^^^^^^^^^
  File "/home/airflow/.local/lib/python3.12/site-packages/croniter/croniter.py", line 1032, in expand
    return cls._expand(expr_format, hash_id=hash_id,
           ^^^^^^^^^^^^^^^^^^^^^^^^^^^^^^^^^^^^^^^^^
  File "/home/airflow/.local/lib/python3.12/site-packages/croniter/croniter.py", line 834, in _expand
    raise CroniterBadCronError(cls.bad_length)
croniter.croniter.CroniterBadCronError: Exactly 5, 6 or 7 columns has to be specified for iterator expression.

During handling of the above exception, another exception occurred:

Traceback (most recent call last):
  File "/home/airflow/.local/lib/python3.12/site-packages/airflow/models/dagbag.py", line 479, in _process_modules
    dag.validate()
  File "/home/airflow/.local/lib/python3.12/site-packages/airflow/models/dag.py", line 845, in validate
    self.timetable.validate()
  File "/home/airflow/.local/lib/python3.12/site-packages/airflow/timetables/_cron.py", line 104, in validate
    raise AirflowTimetableInvalid(str(e))
airflow.exceptions.AirflowTimetableInvalid: Exactly 5, 6 or 7 columns has to be specified for iterator expression.
[2025-06-15T15:05:21.292+0000] {processor.py:927} WARNING - No viable dags retrieved from /opt/airflow/dags/data_quality.py
[2025-06-15T15:05:22.722+0000] {processor.py:208} INFO - Processing /opt/airflow/dags/data_quality.py took 12.033 seconds
[2025-06-15T15:05:56.123+0000] {processor.py:186} INFO - Started process (PID=1474) to work on /opt/airflow/dags/data_quality.py
[2025-06-15T15:05:56.138+0000] {processor.py:914} INFO - Processing file /opt/airflow/dags/data_quality.py for tasks to queue
[2025-06-15T15:05:56.276+0000] {logging_mixin.py:190} INFO - [2025-06-15T15:05:56.274+0000] {dagbag.py:588} INFO - Filling up the DagBag from /opt/airflow/dags/data_quality.py
[2025-06-15T15:06:03.119+0000] {logging_mixin.py:190} INFO - [2025-06-15T15:06:03.041+0000] {dagbag.py:484} ERROR - Failed to bag_dag: /opt/airflow/dags/data_quality.py
Traceback (most recent call last):
  File "/home/airflow/.local/lib/python3.12/site-packages/airflow/timetables/_cron.py", line 102, in validate
    croniter(self._expression)
  File "/home/airflow/.local/lib/python3.12/site-packages/croniter/croniter.py", line 271, in __init__
    self.expanded, self.nth_weekday_of_month = self.expand(
                                               ^^^^^^^^^^^^
  File "/home/airflow/.local/lib/python3.12/site-packages/croniter/croniter.py", line 1032, in expand
    return cls._expand(expr_format, hash_id=hash_id,
           ^^^^^^^^^^^^^^^^^^^^^^^^^^^^^^^^^^^^^^^^^
  File "/home/airflow/.local/lib/python3.12/site-packages/croniter/croniter.py", line 834, in _expand
    raise CroniterBadCronError(cls.bad_length)
croniter.croniter.CroniterBadCronError: Exactly 5, 6 or 7 columns has to be specified for iterator expression.

During handling of the above exception, another exception occurred:

Traceback (most recent call last):
  File "/home/airflow/.local/lib/python3.12/site-packages/airflow/models/dagbag.py", line 479, in _process_modules
    dag.validate()
  File "/home/airflow/.local/lib/python3.12/site-packages/airflow/models/dag.py", line 845, in validate
    self.timetable.validate()
  File "/home/airflow/.local/lib/python3.12/site-packages/airflow/timetables/_cron.py", line 104, in validate
    raise AirflowTimetableInvalid(str(e))
airflow.exceptions.AirflowTimetableInvalid: Exactly 5, 6 or 7 columns has to be specified for iterator expression.
[2025-06-15T15:06:03.151+0000] {processor.py:927} WARNING - No viable dags retrieved from /opt/airflow/dags/data_quality.py
[2025-06-15T15:06:03.439+0000] {processor.py:208} INFO - Processing /opt/airflow/dags/data_quality.py took 7.483 seconds
[2025-06-15T15:06:34.020+0000] {processor.py:186} INFO - Started process (PID=1493) to work on /opt/airflow/dags/data_quality.py
[2025-06-15T15:06:34.034+0000] {processor.py:914} INFO - Processing file /opt/airflow/dags/data_quality.py for tasks to queue
[2025-06-15T15:06:34.068+0000] {logging_mixin.py:190} INFO - [2025-06-15T15:06:34.066+0000] {dagbag.py:588} INFO - Filling up the DagBag from /opt/airflow/dags/data_quality.py
[2025-06-15T15:06:37.800+0000] {logging_mixin.py:190} INFO - [2025-06-15T15:06:37.772+0000] {dagbag.py:484} ERROR - Failed to bag_dag: /opt/airflow/dags/data_quality.py
Traceback (most recent call last):
  File "/home/airflow/.local/lib/python3.12/site-packages/airflow/timetables/_cron.py", line 102, in validate
    croniter(self._expression)
  File "/home/airflow/.local/lib/python3.12/site-packages/croniter/croniter.py", line 271, in __init__
    self.expanded, self.nth_weekday_of_month = self.expand(
                                               ^^^^^^^^^^^^
  File "/home/airflow/.local/lib/python3.12/site-packages/croniter/croniter.py", line 1032, in expand
    return cls._expand(expr_format, hash_id=hash_id,
           ^^^^^^^^^^^^^^^^^^^^^^^^^^^^^^^^^^^^^^^^^
  File "/home/airflow/.local/lib/python3.12/site-packages/croniter/croniter.py", line 834, in _expand
    raise CroniterBadCronError(cls.bad_length)
croniter.croniter.CroniterBadCronError: Exactly 5, 6 or 7 columns has to be specified for iterator expression.

During handling of the above exception, another exception occurred:

Traceback (most recent call last):
  File "/home/airflow/.local/lib/python3.12/site-packages/airflow/models/dagbag.py", line 479, in _process_modules
    dag.validate()
  File "/home/airflow/.local/lib/python3.12/site-packages/airflow/models/dag.py", line 845, in validate
    self.timetable.validate()
  File "/home/airflow/.local/lib/python3.12/site-packages/airflow/timetables/_cron.py", line 104, in validate
    raise AirflowTimetableInvalid(str(e))
airflow.exceptions.AirflowTimetableInvalid: Exactly 5, 6 or 7 columns has to be specified for iterator expression.
[2025-06-15T15:06:37.810+0000] {processor.py:927} WARNING - No viable dags retrieved from /opt/airflow/dags/data_quality.py
[2025-06-15T15:06:38.000+0000] {processor.py:208} INFO - Processing /opt/airflow/dags/data_quality.py took 4.053 seconds
[2025-06-15T15:07:09.197+0000] {processor.py:186} INFO - Started process (PID=1506) to work on /opt/airflow/dags/data_quality.py
[2025-06-15T15:07:09.245+0000] {processor.py:914} INFO - Processing file /opt/airflow/dags/data_quality.py for tasks to queue
[2025-06-15T15:07:09.285+0000] {logging_mixin.py:190} INFO - [2025-06-15T15:07:09.284+0000] {dagbag.py:588} INFO - Filling up the DagBag from /opt/airflow/dags/data_quality.py
[2025-06-15T15:07:12.983+0000] {logging_mixin.py:190} INFO - [2025-06-15T15:07:12.954+0000] {dagbag.py:484} ERROR - Failed to bag_dag: /opt/airflow/dags/data_quality.py
Traceback (most recent call last):
  File "/home/airflow/.local/lib/python3.12/site-packages/airflow/timetables/_cron.py", line 102, in validate
    croniter(self._expression)
  File "/home/airflow/.local/lib/python3.12/site-packages/croniter/croniter.py", line 271, in __init__
    self.expanded, self.nth_weekday_of_month = self.expand(
                                               ^^^^^^^^^^^^
  File "/home/airflow/.local/lib/python3.12/site-packages/croniter/croniter.py", line 1032, in expand
    return cls._expand(expr_format, hash_id=hash_id,
           ^^^^^^^^^^^^^^^^^^^^^^^^^^^^^^^^^^^^^^^^^
  File "/home/airflow/.local/lib/python3.12/site-packages/croniter/croniter.py", line 834, in _expand
    raise CroniterBadCronError(cls.bad_length)
croniter.croniter.CroniterBadCronError: Exactly 5, 6 or 7 columns has to be specified for iterator expression.

During handling of the above exception, another exception occurred:

Traceback (most recent call last):
  File "/home/airflow/.local/lib/python3.12/site-packages/airflow/models/dagbag.py", line 479, in _process_modules
    dag.validate()
  File "/home/airflow/.local/lib/python3.12/site-packages/airflow/models/dag.py", line 845, in validate
    self.timetable.validate()
  File "/home/airflow/.local/lib/python3.12/site-packages/airflow/timetables/_cron.py", line 104, in validate
    raise AirflowTimetableInvalid(str(e))
airflow.exceptions.AirflowTimetableInvalid: Exactly 5, 6 or 7 columns has to be specified for iterator expression.
[2025-06-15T15:07:12.985+0000] {processor.py:927} WARNING - No viable dags retrieved from /opt/airflow/dags/data_quality.py
[2025-06-15T15:07:13.134+0000] {processor.py:208} INFO - Processing /opt/airflow/dags/data_quality.py took 4.021 seconds
[2025-06-15T15:07:43.708+0000] {processor.py:186} INFO - Started process (PID=1518) to work on /opt/airflow/dags/data_quality.py
[2025-06-15T15:07:43.722+0000] {processor.py:914} INFO - Processing file /opt/airflow/dags/data_quality.py for tasks to queue
[2025-06-15T15:07:43.747+0000] {logging_mixin.py:190} INFO - [2025-06-15T15:07:43.745+0000] {dagbag.py:588} INFO - Filling up the DagBag from /opt/airflow/dags/data_quality.py
[2025-06-15T15:07:46.179+0000] {logging_mixin.py:190} INFO - [2025-06-15T15:07:46.161+0000] {dagbag.py:484} ERROR - Failed to bag_dag: /opt/airflow/dags/data_quality.py
Traceback (most recent call last):
  File "/home/airflow/.local/lib/python3.12/site-packages/airflow/timetables/_cron.py", line 102, in validate
    croniter(self._expression)
  File "/home/airflow/.local/lib/python3.12/site-packages/croniter/croniter.py", line 271, in __init__
    self.expanded, self.nth_weekday_of_month = self.expand(
                                               ^^^^^^^^^^^^
  File "/home/airflow/.local/lib/python3.12/site-packages/croniter/croniter.py", line 1032, in expand
    return cls._expand(expr_format, hash_id=hash_id,
           ^^^^^^^^^^^^^^^^^^^^^^^^^^^^^^^^^^^^^^^^^
  File "/home/airflow/.local/lib/python3.12/site-packages/croniter/croniter.py", line 834, in _expand
    raise CroniterBadCronError(cls.bad_length)
croniter.croniter.CroniterBadCronError: Exactly 5, 6 or 7 columns has to be specified for iterator expression.

During handling of the above exception, another exception occurred:

Traceback (most recent call last):
  File "/home/airflow/.local/lib/python3.12/site-packages/airflow/models/dagbag.py", line 479, in _process_modules
    dag.validate()
  File "/home/airflow/.local/lib/python3.12/site-packages/airflow/models/dag.py", line 845, in validate
    self.timetable.validate()
  File "/home/airflow/.local/lib/python3.12/site-packages/airflow/timetables/_cron.py", line 104, in validate
    raise AirflowTimetableInvalid(str(e))
airflow.exceptions.AirflowTimetableInvalid: Exactly 5, 6 or 7 columns has to be specified for iterator expression.
[2025-06-15T15:07:46.182+0000] {processor.py:927} WARNING - No viable dags retrieved from /opt/airflow/dags/data_quality.py
[2025-06-15T15:07:46.399+0000] {processor.py:208} INFO - Processing /opt/airflow/dags/data_quality.py took 2.730 seconds
[2025-06-15T15:08:17.112+0000] {processor.py:186} INFO - Started process (PID=1530) to work on /opt/airflow/dags/data_quality.py
[2025-06-15T15:08:17.127+0000] {processor.py:914} INFO - Processing file /opt/airflow/dags/data_quality.py for tasks to queue
[2025-06-15T15:08:17.153+0000] {logging_mixin.py:190} INFO - [2025-06-15T15:08:17.151+0000] {dagbag.py:588} INFO - Filling up the DagBag from /opt/airflow/dags/data_quality.py
[2025-06-15T15:08:19.746+0000] {logging_mixin.py:190} INFO - [2025-06-15T15:08:19.737+0000] {dagbag.py:484} ERROR - Failed to bag_dag: /opt/airflow/dags/data_quality.py
Traceback (most recent call last):
  File "/home/airflow/.local/lib/python3.12/site-packages/airflow/timetables/_cron.py", line 102, in validate
    croniter(self._expression)
  File "/home/airflow/.local/lib/python3.12/site-packages/croniter/croniter.py", line 271, in __init__
    self.expanded, self.nth_weekday_of_month = self.expand(
                                               ^^^^^^^^^^^^
  File "/home/airflow/.local/lib/python3.12/site-packages/croniter/croniter.py", line 1032, in expand
    return cls._expand(expr_format, hash_id=hash_id,
           ^^^^^^^^^^^^^^^^^^^^^^^^^^^^^^^^^^^^^^^^^
  File "/home/airflow/.local/lib/python3.12/site-packages/croniter/croniter.py", line 834, in _expand
    raise CroniterBadCronError(cls.bad_length)
croniter.croniter.CroniterBadCronError: Exactly 5, 6 or 7 columns has to be specified for iterator expression.

During handling of the above exception, another exception occurred:

Traceback (most recent call last):
  File "/home/airflow/.local/lib/python3.12/site-packages/airflow/models/dagbag.py", line 479, in _process_modules
    dag.validate()
  File "/home/airflow/.local/lib/python3.12/site-packages/airflow/models/dag.py", line 845, in validate
    self.timetable.validate()
  File "/home/airflow/.local/lib/python3.12/site-packages/airflow/timetables/_cron.py", line 104, in validate
    raise AirflowTimetableInvalid(str(e))
airflow.exceptions.AirflowTimetableInvalid: Exactly 5, 6 or 7 columns has to be specified for iterator expression.
[2025-06-15T15:08:19.748+0000] {processor.py:927} WARNING - No viable dags retrieved from /opt/airflow/dags/data_quality.py
[2025-06-15T15:08:19.833+0000] {processor.py:208} INFO - Processing /opt/airflow/dags/data_quality.py took 2.774 seconds
[2025-06-15T15:08:54.809+0000] {processor.py:186} INFO - Started process (PID=1542) to work on /opt/airflow/dags/data_quality.py
[2025-06-15T15:08:54.842+0000] {processor.py:914} INFO - Processing file /opt/airflow/dags/data_quality.py for tasks to queue
[2025-06-15T15:08:54.852+0000] {logging_mixin.py:190} INFO - [2025-06-15T15:08:54.851+0000] {dagbag.py:588} INFO - Filling up the DagBag from /opt/airflow/dags/data_quality.py
[2025-06-15T15:09:00.581+0000] {logging_mixin.py:190} INFO - [2025-06-15T15:09:00.563+0000] {dagbag.py:484} ERROR - Failed to bag_dag: /opt/airflow/dags/data_quality.py
Traceback (most recent call last):
  File "/home/airflow/.local/lib/python3.12/site-packages/airflow/timetables/_cron.py", line 102, in validate
    croniter(self._expression)
  File "/home/airflow/.local/lib/python3.12/site-packages/croniter/croniter.py", line 271, in __init__
    self.expanded, self.nth_weekday_of_month = self.expand(
                                               ^^^^^^^^^^^^
  File "/home/airflow/.local/lib/python3.12/site-packages/croniter/croniter.py", line 1032, in expand
    return cls._expand(expr_format, hash_id=hash_id,
           ^^^^^^^^^^^^^^^^^^^^^^^^^^^^^^^^^^^^^^^^^
  File "/home/airflow/.local/lib/python3.12/site-packages/croniter/croniter.py", line 834, in _expand
    raise CroniterBadCronError(cls.bad_length)
croniter.croniter.CroniterBadCronError: Exactly 5, 6 or 7 columns has to be specified for iterator expression.

During handling of the above exception, another exception occurred:

Traceback (most recent call last):
  File "/home/airflow/.local/lib/python3.12/site-packages/airflow/models/dagbag.py", line 479, in _process_modules
    dag.validate()
  File "/home/airflow/.local/lib/python3.12/site-packages/airflow/models/dag.py", line 845, in validate
    self.timetable.validate()
  File "/home/airflow/.local/lib/python3.12/site-packages/airflow/timetables/_cron.py", line 104, in validate
    raise AirflowTimetableInvalid(str(e))
airflow.exceptions.AirflowTimetableInvalid: Exactly 5, 6 or 7 columns has to be specified for iterator expression.
[2025-06-15T15:09:00.604+0000] {processor.py:927} WARNING - No viable dags retrieved from /opt/airflow/dags/data_quality.py
[2025-06-15T15:09:00.774+0000] {processor.py:208} INFO - Processing /opt/airflow/dags/data_quality.py took 6.015 seconds
[2025-06-15T15:09:31.372+0000] {processor.py:186} INFO - Started process (PID=1560) to work on /opt/airflow/dags/data_quality.py
[2025-06-15T15:09:31.391+0000] {processor.py:914} INFO - Processing file /opt/airflow/dags/data_quality.py for tasks to queue
[2025-06-15T15:09:31.412+0000] {logging_mixin.py:190} INFO - [2025-06-15T15:09:31.411+0000] {dagbag.py:588} INFO - Filling up the DagBag from /opt/airflow/dags/data_quality.py
[2025-06-15T15:09:33.628+0000] {logging_mixin.py:190} INFO - [2025-06-15T15:09:33.618+0000] {dagbag.py:484} ERROR - Failed to bag_dag: /opt/airflow/dags/data_quality.py
Traceback (most recent call last):
  File "/home/airflow/.local/lib/python3.12/site-packages/airflow/timetables/_cron.py", line 102, in validate
    croniter(self._expression)
  File "/home/airflow/.local/lib/python3.12/site-packages/croniter/croniter.py", line 271, in __init__
    self.expanded, self.nth_weekday_of_month = self.expand(
                                               ^^^^^^^^^^^^
  File "/home/airflow/.local/lib/python3.12/site-packages/croniter/croniter.py", line 1032, in expand
    return cls._expand(expr_format, hash_id=hash_id,
           ^^^^^^^^^^^^^^^^^^^^^^^^^^^^^^^^^^^^^^^^^
  File "/home/airflow/.local/lib/python3.12/site-packages/croniter/croniter.py", line 834, in _expand
    raise CroniterBadCronError(cls.bad_length)
croniter.croniter.CroniterBadCronError: Exactly 5, 6 or 7 columns has to be specified for iterator expression.

During handling of the above exception, another exception occurred:

Traceback (most recent call last):
  File "/home/airflow/.local/lib/python3.12/site-packages/airflow/models/dagbag.py", line 479, in _process_modules
    dag.validate()
  File "/home/airflow/.local/lib/python3.12/site-packages/airflow/models/dag.py", line 845, in validate
    self.timetable.validate()
  File "/home/airflow/.local/lib/python3.12/site-packages/airflow/timetables/_cron.py", line 104, in validate
    raise AirflowTimetableInvalid(str(e))
airflow.exceptions.AirflowTimetableInvalid: Exactly 5, 6 or 7 columns has to be specified for iterator expression.
[2025-06-15T15:09:33.630+0000] {processor.py:927} WARNING - No viable dags retrieved from /opt/airflow/dags/data_quality.py
[2025-06-15T15:09:33.767+0000] {processor.py:208} INFO - Processing /opt/airflow/dags/data_quality.py took 2.460 seconds
[2025-06-15T15:10:04.327+0000] {processor.py:186} INFO - Started process (PID=1572) to work on /opt/airflow/dags/data_quality.py
[2025-06-15T15:10:04.352+0000] {processor.py:914} INFO - Processing file /opt/airflow/dags/data_quality.py for tasks to queue
[2025-06-15T15:10:04.370+0000] {logging_mixin.py:190} INFO - [2025-06-15T15:10:04.369+0000] {dagbag.py:588} INFO - Filling up the DagBag from /opt/airflow/dags/data_quality.py
[2025-06-15T15:10:06.166+0000] {logging_mixin.py:190} INFO - [2025-06-15T15:10:06.156+0000] {dagbag.py:484} ERROR - Failed to bag_dag: /opt/airflow/dags/data_quality.py
Traceback (most recent call last):
  File "/home/airflow/.local/lib/python3.12/site-packages/airflow/timetables/_cron.py", line 102, in validate
    croniter(self._expression)
  File "/home/airflow/.local/lib/python3.12/site-packages/croniter/croniter.py", line 271, in __init__
    self.expanded, self.nth_weekday_of_month = self.expand(
                                               ^^^^^^^^^^^^
  File "/home/airflow/.local/lib/python3.12/site-packages/croniter/croniter.py", line 1032, in expand
    return cls._expand(expr_format, hash_id=hash_id,
           ^^^^^^^^^^^^^^^^^^^^^^^^^^^^^^^^^^^^^^^^^
  File "/home/airflow/.local/lib/python3.12/site-packages/croniter/croniter.py", line 834, in _expand
    raise CroniterBadCronError(cls.bad_length)
croniter.croniter.CroniterBadCronError: Exactly 5, 6 or 7 columns has to be specified for iterator expression.

During handling of the above exception, another exception occurred:

Traceback (most recent call last):
  File "/home/airflow/.local/lib/python3.12/site-packages/airflow/models/dagbag.py", line 479, in _process_modules
    dag.validate()
  File "/home/airflow/.local/lib/python3.12/site-packages/airflow/models/dag.py", line 845, in validate
    self.timetable.validate()
  File "/home/airflow/.local/lib/python3.12/site-packages/airflow/timetables/_cron.py", line 104, in validate
    raise AirflowTimetableInvalid(str(e))
airflow.exceptions.AirflowTimetableInvalid: Exactly 5, 6 or 7 columns has to be specified for iterator expression.
[2025-06-15T15:10:06.167+0000] {processor.py:927} WARNING - No viable dags retrieved from /opt/airflow/dags/data_quality.py
[2025-06-15T15:10:06.281+0000] {processor.py:208} INFO - Processing /opt/airflow/dags/data_quality.py took 2.009 seconds
[2025-06-15T15:10:36.605+0000] {processor.py:186} INFO - Started process (PID=1584) to work on /opt/airflow/dags/data_quality.py
[2025-06-15T15:10:36.609+0000] {processor.py:914} INFO - Processing file /opt/airflow/dags/data_quality.py for tasks to queue
[2025-06-15T15:10:36.618+0000] {logging_mixin.py:190} INFO - [2025-06-15T15:10:36.617+0000] {dagbag.py:588} INFO - Filling up the DagBag from /opt/airflow/dags/data_quality.py
[2025-06-15T15:10:37.262+0000] {logging_mixin.py:190} INFO - [2025-06-15T15:10:37.258+0000] {dagbag.py:484} ERROR - Failed to bag_dag: /opt/airflow/dags/data_quality.py
Traceback (most recent call last):
  File "/home/airflow/.local/lib/python3.12/site-packages/airflow/timetables/_cron.py", line 102, in validate
    croniter(self._expression)
  File "/home/airflow/.local/lib/python3.12/site-packages/croniter/croniter.py", line 271, in __init__
    self.expanded, self.nth_weekday_of_month = self.expand(
                                               ^^^^^^^^^^^^
  File "/home/airflow/.local/lib/python3.12/site-packages/croniter/croniter.py", line 1032, in expand
    return cls._expand(expr_format, hash_id=hash_id,
           ^^^^^^^^^^^^^^^^^^^^^^^^^^^^^^^^^^^^^^^^^
  File "/home/airflow/.local/lib/python3.12/site-packages/croniter/croniter.py", line 834, in _expand
    raise CroniterBadCronError(cls.bad_length)
croniter.croniter.CroniterBadCronError: Exactly 5, 6 or 7 columns has to be specified for iterator expression.

During handling of the above exception, another exception occurred:

Traceback (most recent call last):
  File "/home/airflow/.local/lib/python3.12/site-packages/airflow/models/dagbag.py", line 479, in _process_modules
    dag.validate()
  File "/home/airflow/.local/lib/python3.12/site-packages/airflow/models/dag.py", line 845, in validate
    self.timetable.validate()
  File "/home/airflow/.local/lib/python3.12/site-packages/airflow/timetables/_cron.py", line 104, in validate
    raise AirflowTimetableInvalid(str(e))
airflow.exceptions.AirflowTimetableInvalid: Exactly 5, 6 or 7 columns has to be specified for iterator expression.
[2025-06-15T15:10:37.263+0000] {processor.py:927} WARNING - No viable dags retrieved from /opt/airflow/dags/data_quality.py
[2025-06-15T15:10:37.307+0000] {processor.py:208} INFO - Processing /opt/airflow/dags/data_quality.py took 0.721 seconds
[2025-06-15T15:11:08.149+0000] {processor.py:186} INFO - Started process (PID=1596) to work on /opt/airflow/dags/data_quality.py
[2025-06-15T15:11:08.152+0000] {processor.py:914} INFO - Processing file /opt/airflow/dags/data_quality.py for tasks to queue
[2025-06-15T15:11:08.159+0000] {logging_mixin.py:190} INFO - [2025-06-15T15:11:08.158+0000] {dagbag.py:588} INFO - Filling up the DagBag from /opt/airflow/dags/data_quality.py
[2025-06-15T15:11:08.870+0000] {logging_mixin.py:190} INFO - [2025-06-15T15:11:08.863+0000] {dagbag.py:484} ERROR - Failed to bag_dag: /opt/airflow/dags/data_quality.py
Traceback (most recent call last):
  File "/home/airflow/.local/lib/python3.12/site-packages/airflow/timetables/_cron.py", line 102, in validate
    croniter(self._expression)
  File "/home/airflow/.local/lib/python3.12/site-packages/croniter/croniter.py", line 271, in __init__
    self.expanded, self.nth_weekday_of_month = self.expand(
                                               ^^^^^^^^^^^^
  File "/home/airflow/.local/lib/python3.12/site-packages/croniter/croniter.py", line 1032, in expand
    return cls._expand(expr_format, hash_id=hash_id,
           ^^^^^^^^^^^^^^^^^^^^^^^^^^^^^^^^^^^^^^^^^
  File "/home/airflow/.local/lib/python3.12/site-packages/croniter/croniter.py", line 834, in _expand
    raise CroniterBadCronError(cls.bad_length)
croniter.croniter.CroniterBadCronError: Exactly 5, 6 or 7 columns has to be specified for iterator expression.

During handling of the above exception, another exception occurred:

Traceback (most recent call last):
  File "/home/airflow/.local/lib/python3.12/site-packages/airflow/models/dagbag.py", line 479, in _process_modules
    dag.validate()
  File "/home/airflow/.local/lib/python3.12/site-packages/airflow/models/dag.py", line 845, in validate
    self.timetable.validate()
  File "/home/airflow/.local/lib/python3.12/site-packages/airflow/timetables/_cron.py", line 104, in validate
    raise AirflowTimetableInvalid(str(e))
airflow.exceptions.AirflowTimetableInvalid: Exactly 5, 6 or 7 columns has to be specified for iterator expression.
[2025-06-15T15:11:08.871+0000] {processor.py:927} WARNING - No viable dags retrieved from /opt/airflow/dags/data_quality.py
[2025-06-15T15:11:08.922+0000] {processor.py:208} INFO - Processing /opt/airflow/dags/data_quality.py took 0.820 seconds
[2025-06-15T15:11:39.114+0000] {processor.py:186} INFO - Started process (PID=1608) to work on /opt/airflow/dags/data_quality.py
[2025-06-15T15:11:39.117+0000] {processor.py:914} INFO - Processing file /opt/airflow/dags/data_quality.py for tasks to queue
[2025-06-15T15:11:39.129+0000] {logging_mixin.py:190} INFO - [2025-06-15T15:11:39.128+0000] {dagbag.py:588} INFO - Filling up the DagBag from /opt/airflow/dags/data_quality.py
[2025-06-15T15:11:40.517+0000] {logging_mixin.py:190} INFO - [2025-06-15T15:11:40.507+0000] {dagbag.py:484} ERROR - Failed to bag_dag: /opt/airflow/dags/data_quality.py
Traceback (most recent call last):
  File "/home/airflow/.local/lib/python3.12/site-packages/airflow/timetables/_cron.py", line 102, in validate
    croniter(self._expression)
  File "/home/airflow/.local/lib/python3.12/site-packages/croniter/croniter.py", line 271, in __init__
    self.expanded, self.nth_weekday_of_month = self.expand(
                                               ^^^^^^^^^^^^
  File "/home/airflow/.local/lib/python3.12/site-packages/croniter/croniter.py", line 1032, in expand
    return cls._expand(expr_format, hash_id=hash_id,
           ^^^^^^^^^^^^^^^^^^^^^^^^^^^^^^^^^^^^^^^^^
  File "/home/airflow/.local/lib/python3.12/site-packages/croniter/croniter.py", line 834, in _expand
    raise CroniterBadCronError(cls.bad_length)
croniter.croniter.CroniterBadCronError: Exactly 5, 6 or 7 columns has to be specified for iterator expression.

During handling of the above exception, another exception occurred:

Traceback (most recent call last):
  File "/home/airflow/.local/lib/python3.12/site-packages/airflow/models/dagbag.py", line 479, in _process_modules
    dag.validate()
  File "/home/airflow/.local/lib/python3.12/site-packages/airflow/models/dag.py", line 845, in validate
    self.timetable.validate()
  File "/home/airflow/.local/lib/python3.12/site-packages/airflow/timetables/_cron.py", line 104, in validate
    raise AirflowTimetableInvalid(str(e))
airflow.exceptions.AirflowTimetableInvalid: Exactly 5, 6 or 7 columns has to be specified for iterator expression.
[2025-06-15T15:11:40.519+0000] {processor.py:927} WARNING - No viable dags retrieved from /opt/airflow/dags/data_quality.py
[2025-06-15T15:11:40.611+0000] {processor.py:208} INFO - Processing /opt/airflow/dags/data_quality.py took 1.518 seconds
[2025-06-15T15:12:13.748+0000] {processor.py:186} INFO - Started process (PID=1620) to work on /opt/airflow/dags/data_quality.py
[2025-06-15T15:12:13.763+0000] {processor.py:914} INFO - Processing file /opt/airflow/dags/data_quality.py for tasks to queue
[2025-06-15T15:12:13.796+0000] {logging_mixin.py:190} INFO - [2025-06-15T15:12:13.795+0000] {dagbag.py:588} INFO - Filling up the DagBag from /opt/airflow/dags/data_quality.py
[2025-06-15T15:12:19.173+0000] {logging_mixin.py:190} INFO - [2025-06-15T15:12:19.154+0000] {dagbag.py:484} ERROR - Failed to bag_dag: /opt/airflow/dags/data_quality.py
Traceback (most recent call last):
  File "/home/airflow/.local/lib/python3.12/site-packages/airflow/timetables/_cron.py", line 102, in validate
    croniter(self._expression)
  File "/home/airflow/.local/lib/python3.12/site-packages/croniter/croniter.py", line 271, in __init__
    self.expanded, self.nth_weekday_of_month = self.expand(
                                               ^^^^^^^^^^^^
  File "/home/airflow/.local/lib/python3.12/site-packages/croniter/croniter.py", line 1032, in expand
    return cls._expand(expr_format, hash_id=hash_id,
           ^^^^^^^^^^^^^^^^^^^^^^^^^^^^^^^^^^^^^^^^^
  File "/home/airflow/.local/lib/python3.12/site-packages/croniter/croniter.py", line 834, in _expand
    raise CroniterBadCronError(cls.bad_length)
croniter.croniter.CroniterBadCronError: Exactly 5, 6 or 7 columns has to be specified for iterator expression.

During handling of the above exception, another exception occurred:

Traceback (most recent call last):
  File "/home/airflow/.local/lib/python3.12/site-packages/airflow/models/dagbag.py", line 479, in _process_modules
    dag.validate()
  File "/home/airflow/.local/lib/python3.12/site-packages/airflow/models/dag.py", line 845, in validate
    self.timetable.validate()
  File "/home/airflow/.local/lib/python3.12/site-packages/airflow/timetables/_cron.py", line 104, in validate
    raise AirflowTimetableInvalid(str(e))
airflow.exceptions.AirflowTimetableInvalid: Exactly 5, 6 or 7 columns has to be specified for iterator expression.
[2025-06-15T15:12:19.184+0000] {processor.py:927} WARNING - No viable dags retrieved from /opt/airflow/dags/data_quality.py
[2025-06-15T15:12:19.347+0000] {processor.py:208} INFO - Processing /opt/airflow/dags/data_quality.py took 5.674 seconds
[2025-06-15T15:12:49.765+0000] {processor.py:186} INFO - Started process (PID=1632) to work on /opt/airflow/dags/data_quality.py
[2025-06-15T15:12:49.769+0000] {processor.py:914} INFO - Processing file /opt/airflow/dags/data_quality.py for tasks to queue
[2025-06-15T15:12:49.782+0000] {logging_mixin.py:190} INFO - [2025-06-15T15:12:49.781+0000] {dagbag.py:588} INFO - Filling up the DagBag from /opt/airflow/dags/data_quality.py
[2025-06-15T15:12:51.623+0000] {logging_mixin.py:190} INFO - [2025-06-15T15:12:51.614+0000] {dagbag.py:484} ERROR - Failed to bag_dag: /opt/airflow/dags/data_quality.py
Traceback (most recent call last):
  File "/home/airflow/.local/lib/python3.12/site-packages/airflow/timetables/_cron.py", line 102, in validate
    croniter(self._expression)
  File "/home/airflow/.local/lib/python3.12/site-packages/croniter/croniter.py", line 271, in __init__
    self.expanded, self.nth_weekday_of_month = self.expand(
                                               ^^^^^^^^^^^^
  File "/home/airflow/.local/lib/python3.12/site-packages/croniter/croniter.py", line 1032, in expand
    return cls._expand(expr_format, hash_id=hash_id,
           ^^^^^^^^^^^^^^^^^^^^^^^^^^^^^^^^^^^^^^^^^
  File "/home/airflow/.local/lib/python3.12/site-packages/croniter/croniter.py", line 834, in _expand
    raise CroniterBadCronError(cls.bad_length)
croniter.croniter.CroniterBadCronError: Exactly 5, 6 or 7 columns has to be specified for iterator expression.

During handling of the above exception, another exception occurred:

Traceback (most recent call last):
  File "/home/airflow/.local/lib/python3.12/site-packages/airflow/models/dagbag.py", line 479, in _process_modules
    dag.validate()
  File "/home/airflow/.local/lib/python3.12/site-packages/airflow/models/dag.py", line 845, in validate
    self.timetable.validate()
  File "/home/airflow/.local/lib/python3.12/site-packages/airflow/timetables/_cron.py", line 104, in validate
    raise AirflowTimetableInvalid(str(e))
airflow.exceptions.AirflowTimetableInvalid: Exactly 5, 6 or 7 columns has to be specified for iterator expression.
[2025-06-15T15:12:51.633+0000] {processor.py:927} WARNING - No viable dags retrieved from /opt/airflow/dags/data_quality.py
[2025-06-15T15:12:51.741+0000] {processor.py:208} INFO - Processing /opt/airflow/dags/data_quality.py took 2.010 seconds
[2025-06-15T15:13:22.322+0000] {processor.py:186} INFO - Started process (PID=1644) to work on /opt/airflow/dags/data_quality.py
[2025-06-15T15:13:22.325+0000] {processor.py:914} INFO - Processing file /opt/airflow/dags/data_quality.py for tasks to queue
[2025-06-15T15:13:22.335+0000] {logging_mixin.py:190} INFO - [2025-06-15T15:13:22.334+0000] {dagbag.py:588} INFO - Filling up the DagBag from /opt/airflow/dags/data_quality.py
[2025-06-15T15:13:23.196+0000] {logging_mixin.py:190} INFO - [2025-06-15T15:13:23.188+0000] {dagbag.py:484} ERROR - Failed to bag_dag: /opt/airflow/dags/data_quality.py
Traceback (most recent call last):
  File "/home/airflow/.local/lib/python3.12/site-packages/airflow/timetables/_cron.py", line 102, in validate
    croniter(self._expression)
  File "/home/airflow/.local/lib/python3.12/site-packages/croniter/croniter.py", line 271, in __init__
    self.expanded, self.nth_weekday_of_month = self.expand(
                                               ^^^^^^^^^^^^
  File "/home/airflow/.local/lib/python3.12/site-packages/croniter/croniter.py", line 1032, in expand
    return cls._expand(expr_format, hash_id=hash_id,
           ^^^^^^^^^^^^^^^^^^^^^^^^^^^^^^^^^^^^^^^^^
  File "/home/airflow/.local/lib/python3.12/site-packages/croniter/croniter.py", line 834, in _expand
    raise CroniterBadCronError(cls.bad_length)
croniter.croniter.CroniterBadCronError: Exactly 5, 6 or 7 columns has to be specified for iterator expression.

During handling of the above exception, another exception occurred:

Traceback (most recent call last):
  File "/home/airflow/.local/lib/python3.12/site-packages/airflow/models/dagbag.py", line 479, in _process_modules
    dag.validate()
  File "/home/airflow/.local/lib/python3.12/site-packages/airflow/models/dag.py", line 845, in validate
    self.timetable.validate()
  File "/home/airflow/.local/lib/python3.12/site-packages/airflow/timetables/_cron.py", line 104, in validate
    raise AirflowTimetableInvalid(str(e))
airflow.exceptions.AirflowTimetableInvalid: Exactly 5, 6 or 7 columns has to be specified for iterator expression.
[2025-06-15T15:13:23.197+0000] {processor.py:927} WARNING - No viable dags retrieved from /opt/airflow/dags/data_quality.py
[2025-06-15T15:13:23.253+0000] {processor.py:208} INFO - Processing /opt/airflow/dags/data_quality.py took 0.953 seconds
[2025-06-15T15:13:53.465+0000] {processor.py:186} INFO - Started process (PID=1656) to work on /opt/airflow/dags/data_quality.py
[2025-06-15T15:13:53.472+0000] {processor.py:914} INFO - Processing file /opt/airflow/dags/data_quality.py for tasks to queue
[2025-06-15T15:13:53.483+0000] {logging_mixin.py:190} INFO - [2025-06-15T15:13:53.482+0000] {dagbag.py:588} INFO - Filling up the DagBag from /opt/airflow/dags/data_quality.py
[2025-06-15T15:13:54.528+0000] {logging_mixin.py:190} INFO - [2025-06-15T15:13:54.517+0000] {dagbag.py:484} ERROR - Failed to bag_dag: /opt/airflow/dags/data_quality.py
Traceback (most recent call last):
  File "/home/airflow/.local/lib/python3.12/site-packages/airflow/timetables/_cron.py", line 102, in validate
    croniter(self._expression)
  File "/home/airflow/.local/lib/python3.12/site-packages/croniter/croniter.py", line 271, in __init__
    self.expanded, self.nth_weekday_of_month = self.expand(
                                               ^^^^^^^^^^^^
  File "/home/airflow/.local/lib/python3.12/site-packages/croniter/croniter.py", line 1032, in expand
    return cls._expand(expr_format, hash_id=hash_id,
           ^^^^^^^^^^^^^^^^^^^^^^^^^^^^^^^^^^^^^^^^^
  File "/home/airflow/.local/lib/python3.12/site-packages/croniter/croniter.py", line 834, in _expand
    raise CroniterBadCronError(cls.bad_length)
croniter.croniter.CroniterBadCronError: Exactly 5, 6 or 7 columns has to be specified for iterator expression.

During handling of the above exception, another exception occurred:

Traceback (most recent call last):
  File "/home/airflow/.local/lib/python3.12/site-packages/airflow/models/dagbag.py", line 479, in _process_modules
    dag.validate()
  File "/home/airflow/.local/lib/python3.12/site-packages/airflow/models/dag.py", line 845, in validate
    self.timetable.validate()
  File "/home/airflow/.local/lib/python3.12/site-packages/airflow/timetables/_cron.py", line 104, in validate
    raise AirflowTimetableInvalid(str(e))
airflow.exceptions.AirflowTimetableInvalid: Exactly 5, 6 or 7 columns has to be specified for iterator expression.
[2025-06-15T15:13:54.530+0000] {processor.py:927} WARNING - No viable dags retrieved from /opt/airflow/dags/data_quality.py
[2025-06-15T15:13:54.590+0000] {processor.py:208} INFO - Processing /opt/airflow/dags/data_quality.py took 1.148 seconds
[2025-06-15T15:14:25.136+0000] {processor.py:186} INFO - Started process (PID=1668) to work on /opt/airflow/dags/data_quality.py
[2025-06-15T15:14:25.153+0000] {processor.py:914} INFO - Processing file /opt/airflow/dags/data_quality.py for tasks to queue
[2025-06-15T15:14:25.174+0000] {logging_mixin.py:190} INFO - [2025-06-15T15:14:25.173+0000] {dagbag.py:588} INFO - Filling up the DagBag from /opt/airflow/dags/data_quality.py
[2025-06-15T15:14:26.273+0000] {logging_mixin.py:190} INFO - [2025-06-15T15:14:26.265+0000] {dagbag.py:484} ERROR - Failed to bag_dag: /opt/airflow/dags/data_quality.py
Traceback (most recent call last):
  File "/home/airflow/.local/lib/python3.12/site-packages/airflow/timetables/_cron.py", line 102, in validate
    croniter(self._expression)
  File "/home/airflow/.local/lib/python3.12/site-packages/croniter/croniter.py", line 271, in __init__
    self.expanded, self.nth_weekday_of_month = self.expand(
                                               ^^^^^^^^^^^^
  File "/home/airflow/.local/lib/python3.12/site-packages/croniter/croniter.py", line 1032, in expand
    return cls._expand(expr_format, hash_id=hash_id,
           ^^^^^^^^^^^^^^^^^^^^^^^^^^^^^^^^^^^^^^^^^
  File "/home/airflow/.local/lib/python3.12/site-packages/croniter/croniter.py", line 834, in _expand
    raise CroniterBadCronError(cls.bad_length)
croniter.croniter.CroniterBadCronError: Exactly 5, 6 or 7 columns has to be specified for iterator expression.

During handling of the above exception, another exception occurred:

Traceback (most recent call last):
  File "/home/airflow/.local/lib/python3.12/site-packages/airflow/models/dagbag.py", line 479, in _process_modules
    dag.validate()
  File "/home/airflow/.local/lib/python3.12/site-packages/airflow/models/dag.py", line 845, in validate
    self.timetable.validate()
  File "/home/airflow/.local/lib/python3.12/site-packages/airflow/timetables/_cron.py", line 104, in validate
    raise AirflowTimetableInvalid(str(e))
airflow.exceptions.AirflowTimetableInvalid: Exactly 5, 6 or 7 columns has to be specified for iterator expression.
[2025-06-15T15:14:26.274+0000] {processor.py:927} WARNING - No viable dags retrieved from /opt/airflow/dags/data_quality.py
[2025-06-15T15:14:26.333+0000] {processor.py:208} INFO - Processing /opt/airflow/dags/data_quality.py took 1.228 seconds
[2025-06-15T15:14:57.303+0000] {processor.py:186} INFO - Started process (PID=1680) to work on /opt/airflow/dags/data_quality.py
[2025-06-15T15:14:57.312+0000] {processor.py:914} INFO - Processing file /opt/airflow/dags/data_quality.py for tasks to queue
[2025-06-15T15:14:57.336+0000] {logging_mixin.py:190} INFO - [2025-06-15T15:14:57.335+0000] {dagbag.py:588} INFO - Filling up the DagBag from /opt/airflow/dags/data_quality.py
[2025-06-15T15:15:01.124+0000] {logging_mixin.py:190} INFO - [2025-06-15T15:15:01.082+0000] {dagbag.py:484} ERROR - Failed to bag_dag: /opt/airflow/dags/data_quality.py
Traceback (most recent call last):
  File "/home/airflow/.local/lib/python3.12/site-packages/airflow/timetables/_cron.py", line 102, in validate
    croniter(self._expression)
  File "/home/airflow/.local/lib/python3.12/site-packages/croniter/croniter.py", line 271, in __init__
    self.expanded, self.nth_weekday_of_month = self.expand(
                                               ^^^^^^^^^^^^
  File "/home/airflow/.local/lib/python3.12/site-packages/croniter/croniter.py", line 1032, in expand
    return cls._expand(expr_format, hash_id=hash_id,
           ^^^^^^^^^^^^^^^^^^^^^^^^^^^^^^^^^^^^^^^^^
  File "/home/airflow/.local/lib/python3.12/site-packages/croniter/croniter.py", line 834, in _expand
    raise CroniterBadCronError(cls.bad_length)
croniter.croniter.CroniterBadCronError: Exactly 5, 6 or 7 columns has to be specified for iterator expression.

During handling of the above exception, another exception occurred:

Traceback (most recent call last):
  File "/home/airflow/.local/lib/python3.12/site-packages/airflow/models/dagbag.py", line 479, in _process_modules
    dag.validate()
  File "/home/airflow/.local/lib/python3.12/site-packages/airflow/models/dag.py", line 845, in validate
    self.timetable.validate()
  File "/home/airflow/.local/lib/python3.12/site-packages/airflow/timetables/_cron.py", line 104, in validate
    raise AirflowTimetableInvalid(str(e))
airflow.exceptions.AirflowTimetableInvalid: Exactly 5, 6 or 7 columns has to be specified for iterator expression.
[2025-06-15T15:15:01.140+0000] {processor.py:927} WARNING - No viable dags retrieved from /opt/airflow/dags/data_quality.py
[2025-06-15T15:15:01.431+0000] {processor.py:208} INFO - Processing /opt/airflow/dags/data_quality.py took 4.178 seconds
[2025-06-15T15:15:33.089+0000] {processor.py:186} INFO - Started process (PID=1699) to work on /opt/airflow/dags/data_quality.py
[2025-06-15T15:15:33.308+0000] {processor.py:914} INFO - Processing file /opt/airflow/dags/data_quality.py for tasks to queue
[2025-06-15T15:15:33.426+0000] {logging_mixin.py:190} INFO - [2025-06-15T15:15:33.425+0000] {dagbag.py:588} INFO - Filling up the DagBag from /opt/airflow/dags/data_quality.py
[2025-06-15T15:15:37.851+0000] {logging_mixin.py:190} INFO - [2025-06-15T15:15:37.833+0000] {dagbag.py:484} ERROR - Failed to bag_dag: /opt/airflow/dags/data_quality.py
Traceback (most recent call last):
  File "/home/airflow/.local/lib/python3.12/site-packages/airflow/timetables/_cron.py", line 102, in validate
    croniter(self._expression)
  File "/home/airflow/.local/lib/python3.12/site-packages/croniter/croniter.py", line 271, in __init__
    self.expanded, self.nth_weekday_of_month = self.expand(
                                               ^^^^^^^^^^^^
  File "/home/airflow/.local/lib/python3.12/site-packages/croniter/croniter.py", line 1032, in expand
    return cls._expand(expr_format, hash_id=hash_id,
           ^^^^^^^^^^^^^^^^^^^^^^^^^^^^^^^^^^^^^^^^^
  File "/home/airflow/.local/lib/python3.12/site-packages/croniter/croniter.py", line 834, in _expand
    raise CroniterBadCronError(cls.bad_length)
croniter.croniter.CroniterBadCronError: Exactly 5, 6 or 7 columns has to be specified for iterator expression.

During handling of the above exception, another exception occurred:

Traceback (most recent call last):
  File "/home/airflow/.local/lib/python3.12/site-packages/airflow/models/dagbag.py", line 479, in _process_modules
    dag.validate()
  File "/home/airflow/.local/lib/python3.12/site-packages/airflow/models/dag.py", line 845, in validate
    self.timetable.validate()
  File "/home/airflow/.local/lib/python3.12/site-packages/airflow/timetables/_cron.py", line 104, in validate
    raise AirflowTimetableInvalid(str(e))
airflow.exceptions.AirflowTimetableInvalid: Exactly 5, 6 or 7 columns has to be specified for iterator expression.
[2025-06-15T15:15:37.852+0000] {processor.py:927} WARNING - No viable dags retrieved from /opt/airflow/dags/data_quality.py
[2025-06-15T15:15:37.955+0000] {processor.py:208} INFO - Processing /opt/airflow/dags/data_quality.py took 4.931 seconds
[2025-06-15T15:16:08.955+0000] {processor.py:186} INFO - Started process (PID=1712) to work on /opt/airflow/dags/data_quality.py
[2025-06-15T15:16:08.965+0000] {processor.py:914} INFO - Processing file /opt/airflow/dags/data_quality.py for tasks to queue
[2025-06-15T15:16:08.984+0000] {logging_mixin.py:190} INFO - [2025-06-15T15:16:08.983+0000] {dagbag.py:588} INFO - Filling up the DagBag from /opt/airflow/dags/data_quality.py
[2025-06-15T15:16:11.984+0000] {logging_mixin.py:190} INFO - [2025-06-15T15:16:11.958+0000] {dagbag.py:484} ERROR - Failed to bag_dag: /opt/airflow/dags/data_quality.py
Traceback (most recent call last):
  File "/home/airflow/.local/lib/python3.12/site-packages/airflow/timetables/_cron.py", line 102, in validate
    croniter(self._expression)
  File "/home/airflow/.local/lib/python3.12/site-packages/croniter/croniter.py", line 271, in __init__
    self.expanded, self.nth_weekday_of_month = self.expand(
                                               ^^^^^^^^^^^^
  File "/home/airflow/.local/lib/python3.12/site-packages/croniter/croniter.py", line 1032, in expand
    return cls._expand(expr_format, hash_id=hash_id,
           ^^^^^^^^^^^^^^^^^^^^^^^^^^^^^^^^^^^^^^^^^
  File "/home/airflow/.local/lib/python3.12/site-packages/croniter/croniter.py", line 834, in _expand
    raise CroniterBadCronError(cls.bad_length)
croniter.croniter.CroniterBadCronError: Exactly 5, 6 or 7 columns has to be specified for iterator expression.

During handling of the above exception, another exception occurred:

Traceback (most recent call last):
  File "/home/airflow/.local/lib/python3.12/site-packages/airflow/models/dagbag.py", line 479, in _process_modules
    dag.validate()
  File "/home/airflow/.local/lib/python3.12/site-packages/airflow/models/dag.py", line 845, in validate
    self.timetable.validate()
  File "/home/airflow/.local/lib/python3.12/site-packages/airflow/timetables/_cron.py", line 104, in validate
    raise AirflowTimetableInvalid(str(e))
airflow.exceptions.AirflowTimetableInvalid: Exactly 5, 6 or 7 columns has to be specified for iterator expression.
[2025-06-15T15:16:11.994+0000] {processor.py:927} WARNING - No viable dags retrieved from /opt/airflow/dags/data_quality.py
[2025-06-15T15:16:12.166+0000] {processor.py:208} INFO - Processing /opt/airflow/dags/data_quality.py took 3.281 seconds
[2025-06-15T15:16:42.562+0000] {processor.py:186} INFO - Started process (PID=1724) to work on /opt/airflow/dags/data_quality.py
[2025-06-15T15:16:42.565+0000] {processor.py:914} INFO - Processing file /opt/airflow/dags/data_quality.py for tasks to queue
[2025-06-15T15:16:42.576+0000] {logging_mixin.py:190} INFO - [2025-06-15T15:16:42.575+0000] {dagbag.py:588} INFO - Filling up the DagBag from /opt/airflow/dags/data_quality.py
[2025-06-15T15:16:43.559+0000] {logging_mixin.py:190} INFO - [2025-06-15T15:16:43.550+0000] {dagbag.py:484} ERROR - Failed to bag_dag: /opt/airflow/dags/data_quality.py
Traceback (most recent call last):
  File "/home/airflow/.local/lib/python3.12/site-packages/airflow/timetables/_cron.py", line 102, in validate
    croniter(self._expression)
  File "/home/airflow/.local/lib/python3.12/site-packages/croniter/croniter.py", line 271, in __init__
    self.expanded, self.nth_weekday_of_month = self.expand(
                                               ^^^^^^^^^^^^
  File "/home/airflow/.local/lib/python3.12/site-packages/croniter/croniter.py", line 1032, in expand
    return cls._expand(expr_format, hash_id=hash_id,
           ^^^^^^^^^^^^^^^^^^^^^^^^^^^^^^^^^^^^^^^^^
  File "/home/airflow/.local/lib/python3.12/site-packages/croniter/croniter.py", line 834, in _expand
    raise CroniterBadCronError(cls.bad_length)
croniter.croniter.CroniterBadCronError: Exactly 5, 6 or 7 columns has to be specified for iterator expression.

During handling of the above exception, another exception occurred:

Traceback (most recent call last):
  File "/home/airflow/.local/lib/python3.12/site-packages/airflow/models/dagbag.py", line 479, in _process_modules
    dag.validate()
  File "/home/airflow/.local/lib/python3.12/site-packages/airflow/models/dag.py", line 845, in validate
    self.timetable.validate()
  File "/home/airflow/.local/lib/python3.12/site-packages/airflow/timetables/_cron.py", line 104, in validate
    raise AirflowTimetableInvalid(str(e))
airflow.exceptions.AirflowTimetableInvalid: Exactly 5, 6 or 7 columns has to be specified for iterator expression.
[2025-06-15T15:16:43.561+0000] {processor.py:927} WARNING - No viable dags retrieved from /opt/airflow/dags/data_quality.py
[2025-06-15T15:16:43.634+0000] {processor.py:208} INFO - Processing /opt/airflow/dags/data_quality.py took 1.103 seconds
[2025-06-15T15:17:14.138+0000] {processor.py:186} INFO - Started process (PID=1736) to work on /opt/airflow/dags/data_quality.py
[2025-06-15T15:17:14.142+0000] {processor.py:914} INFO - Processing file /opt/airflow/dags/data_quality.py for tasks to queue
[2025-06-15T15:17:14.149+0000] {logging_mixin.py:190} INFO - [2025-06-15T15:17:14.148+0000] {dagbag.py:588} INFO - Filling up the DagBag from /opt/airflow/dags/data_quality.py
[2025-06-15T15:17:15.728+0000] {logging_mixin.py:190} INFO - [2025-06-15T15:17:15.720+0000] {dagbag.py:484} ERROR - Failed to bag_dag: /opt/airflow/dags/data_quality.py
Traceback (most recent call last):
  File "/home/airflow/.local/lib/python3.12/site-packages/airflow/timetables/_cron.py", line 102, in validate
    croniter(self._expression)
  File "/home/airflow/.local/lib/python3.12/site-packages/croniter/croniter.py", line 271, in __init__
    self.expanded, self.nth_weekday_of_month = self.expand(
                                               ^^^^^^^^^^^^
  File "/home/airflow/.local/lib/python3.12/site-packages/croniter/croniter.py", line 1032, in expand
    return cls._expand(expr_format, hash_id=hash_id,
           ^^^^^^^^^^^^^^^^^^^^^^^^^^^^^^^^^^^^^^^^^
  File "/home/airflow/.local/lib/python3.12/site-packages/croniter/croniter.py", line 834, in _expand
    raise CroniterBadCronError(cls.bad_length)
croniter.croniter.CroniterBadCronError: Exactly 5, 6 or 7 columns has to be specified for iterator expression.

During handling of the above exception, another exception occurred:

Traceback (most recent call last):
  File "/home/airflow/.local/lib/python3.12/site-packages/airflow/models/dagbag.py", line 479, in _process_modules
    dag.validate()
  File "/home/airflow/.local/lib/python3.12/site-packages/airflow/models/dag.py", line 845, in validate
    self.timetable.validate()
  File "/home/airflow/.local/lib/python3.12/site-packages/airflow/timetables/_cron.py", line 104, in validate
    raise AirflowTimetableInvalid(str(e))
airflow.exceptions.AirflowTimetableInvalid: Exactly 5, 6 or 7 columns has to be specified for iterator expression.
[2025-06-15T15:17:15.730+0000] {processor.py:927} WARNING - No viable dags retrieved from /opt/airflow/dags/data_quality.py
[2025-06-15T15:17:15.792+0000] {processor.py:208} INFO - Processing /opt/airflow/dags/data_quality.py took 1.675 seconds
[2025-06-15T15:17:46.552+0000] {processor.py:186} INFO - Started process (PID=1748) to work on /opt/airflow/dags/data_quality.py
[2025-06-15T15:17:46.555+0000] {processor.py:914} INFO - Processing file /opt/airflow/dags/data_quality.py for tasks to queue
[2025-06-15T15:17:46.563+0000] {logging_mixin.py:190} INFO - [2025-06-15T15:17:46.562+0000] {dagbag.py:588} INFO - Filling up the DagBag from /opt/airflow/dags/data_quality.py
[2025-06-15T15:17:47.479+0000] {logging_mixin.py:190} INFO - [2025-06-15T15:17:47.473+0000] {dagbag.py:484} ERROR - Failed to bag_dag: /opt/airflow/dags/data_quality.py
Traceback (most recent call last):
  File "/home/airflow/.local/lib/python3.12/site-packages/airflow/timetables/_cron.py", line 102, in validate
    croniter(self._expression)
  File "/home/airflow/.local/lib/python3.12/site-packages/croniter/croniter.py", line 271, in __init__
    self.expanded, self.nth_weekday_of_month = self.expand(
                                               ^^^^^^^^^^^^
  File "/home/airflow/.local/lib/python3.12/site-packages/croniter/croniter.py", line 1032, in expand
    return cls._expand(expr_format, hash_id=hash_id,
           ^^^^^^^^^^^^^^^^^^^^^^^^^^^^^^^^^^^^^^^^^
  File "/home/airflow/.local/lib/python3.12/site-packages/croniter/croniter.py", line 834, in _expand
    raise CroniterBadCronError(cls.bad_length)
croniter.croniter.CroniterBadCronError: Exactly 5, 6 or 7 columns has to be specified for iterator expression.

During handling of the above exception, another exception occurred:

Traceback (most recent call last):
  File "/home/airflow/.local/lib/python3.12/site-packages/airflow/models/dagbag.py", line 479, in _process_modules
    dag.validate()
  File "/home/airflow/.local/lib/python3.12/site-packages/airflow/models/dag.py", line 845, in validate
    self.timetable.validate()
  File "/home/airflow/.local/lib/python3.12/site-packages/airflow/timetables/_cron.py", line 104, in validate
    raise AirflowTimetableInvalid(str(e))
airflow.exceptions.AirflowTimetableInvalid: Exactly 5, 6 or 7 columns has to be specified for iterator expression.
[2025-06-15T15:17:47.480+0000] {processor.py:927} WARNING - No viable dags retrieved from /opt/airflow/dags/data_quality.py
[2025-06-15T15:17:47.538+0000] {processor.py:208} INFO - Processing /opt/airflow/dags/data_quality.py took 1.007 seconds
[2025-06-15T15:18:18.205+0000] {processor.py:186} INFO - Started process (PID=1760) to work on /opt/airflow/dags/data_quality.py
[2025-06-15T15:18:18.210+0000] {processor.py:914} INFO - Processing file /opt/airflow/dags/data_quality.py for tasks to queue
[2025-06-15T15:18:18.226+0000] {logging_mixin.py:190} INFO - [2025-06-15T15:18:18.224+0000] {dagbag.py:588} INFO - Filling up the DagBag from /opt/airflow/dags/data_quality.py
[2025-06-15T15:18:18.895+0000] {logging_mixin.py:190} INFO - [2025-06-15T15:18:18.889+0000] {dagbag.py:484} ERROR - Failed to bag_dag: /opt/airflow/dags/data_quality.py
Traceback (most recent call last):
  File "/home/airflow/.local/lib/python3.12/site-packages/airflow/timetables/_cron.py", line 102, in validate
    croniter(self._expression)
  File "/home/airflow/.local/lib/python3.12/site-packages/croniter/croniter.py", line 271, in __init__
    self.expanded, self.nth_weekday_of_month = self.expand(
                                               ^^^^^^^^^^^^
  File "/home/airflow/.local/lib/python3.12/site-packages/croniter/croniter.py", line 1032, in expand
    return cls._expand(expr_format, hash_id=hash_id,
           ^^^^^^^^^^^^^^^^^^^^^^^^^^^^^^^^^^^^^^^^^
  File "/home/airflow/.local/lib/python3.12/site-packages/croniter/croniter.py", line 834, in _expand
    raise CroniterBadCronError(cls.bad_length)
croniter.croniter.CroniterBadCronError: Exactly 5, 6 or 7 columns has to be specified for iterator expression.

During handling of the above exception, another exception occurred:

Traceback (most recent call last):
  File "/home/airflow/.local/lib/python3.12/site-packages/airflow/models/dagbag.py", line 479, in _process_modules
    dag.validate()
  File "/home/airflow/.local/lib/python3.12/site-packages/airflow/models/dag.py", line 845, in validate
    self.timetable.validate()
  File "/home/airflow/.local/lib/python3.12/site-packages/airflow/timetables/_cron.py", line 104, in validate
    raise AirflowTimetableInvalid(str(e))
airflow.exceptions.AirflowTimetableInvalid: Exactly 5, 6 or 7 columns has to be specified for iterator expression.
[2025-06-15T15:18:18.897+0000] {processor.py:927} WARNING - No viable dags retrieved from /opt/airflow/dags/data_quality.py
[2025-06-15T15:18:18.939+0000] {processor.py:208} INFO - Processing /opt/airflow/dags/data_quality.py took 0.782 seconds
[2025-06-15T15:18:49.644+0000] {processor.py:186} INFO - Started process (PID=1772) to work on /opt/airflow/dags/data_quality.py
[2025-06-15T15:18:49.647+0000] {processor.py:914} INFO - Processing file /opt/airflow/dags/data_quality.py for tasks to queue
[2025-06-15T15:18:49.654+0000] {logging_mixin.py:190} INFO - [2025-06-15T15:18:49.653+0000] {dagbag.py:588} INFO - Filling up the DagBag from /opt/airflow/dags/data_quality.py
[2025-06-15T15:18:50.314+0000] {logging_mixin.py:190} INFO - [2025-06-15T15:18:50.310+0000] {dagbag.py:484} ERROR - Failed to bag_dag: /opt/airflow/dags/data_quality.py
Traceback (most recent call last):
  File "/home/airflow/.local/lib/python3.12/site-packages/airflow/timetables/_cron.py", line 102, in validate
    croniter(self._expression)
  File "/home/airflow/.local/lib/python3.12/site-packages/croniter/croniter.py", line 271, in __init__
    self.expanded, self.nth_weekday_of_month = self.expand(
                                               ^^^^^^^^^^^^
  File "/home/airflow/.local/lib/python3.12/site-packages/croniter/croniter.py", line 1032, in expand
    return cls._expand(expr_format, hash_id=hash_id,
           ^^^^^^^^^^^^^^^^^^^^^^^^^^^^^^^^^^^^^^^^^
  File "/home/airflow/.local/lib/python3.12/site-packages/croniter/croniter.py", line 834, in _expand
    raise CroniterBadCronError(cls.bad_length)
croniter.croniter.CroniterBadCronError: Exactly 5, 6 or 7 columns has to be specified for iterator expression.

During handling of the above exception, another exception occurred:

Traceback (most recent call last):
  File "/home/airflow/.local/lib/python3.12/site-packages/airflow/models/dagbag.py", line 479, in _process_modules
    dag.validate()
  File "/home/airflow/.local/lib/python3.12/site-packages/airflow/models/dag.py", line 845, in validate
    self.timetable.validate()
  File "/home/airflow/.local/lib/python3.12/site-packages/airflow/timetables/_cron.py", line 104, in validate
    raise AirflowTimetableInvalid(str(e))
airflow.exceptions.AirflowTimetableInvalid: Exactly 5, 6 or 7 columns has to be specified for iterator expression.
[2025-06-15T15:18:50.316+0000] {processor.py:927} WARNING - No viable dags retrieved from /opt/airflow/dags/data_quality.py
[2025-06-15T15:18:50.363+0000] {processor.py:208} INFO - Processing /opt/airflow/dags/data_quality.py took 0.735 seconds
[2025-06-15T15:19:20.511+0000] {processor.py:186} INFO - Started process (PID=1784) to work on /opt/airflow/dags/data_quality.py
[2025-06-15T15:19:20.515+0000] {processor.py:914} INFO - Processing file /opt/airflow/dags/data_quality.py for tasks to queue
[2025-06-15T15:19:20.523+0000] {logging_mixin.py:190} INFO - [2025-06-15T15:19:20.522+0000] {dagbag.py:588} INFO - Filling up the DagBag from /opt/airflow/dags/data_quality.py
[2025-06-15T15:19:21.417+0000] {logging_mixin.py:190} INFO - [2025-06-15T15:19:21.410+0000] {dagbag.py:484} ERROR - Failed to bag_dag: /opt/airflow/dags/data_quality.py
Traceback (most recent call last):
  File "/home/airflow/.local/lib/python3.12/site-packages/airflow/timetables/_cron.py", line 102, in validate
    croniter(self._expression)
  File "/home/airflow/.local/lib/python3.12/site-packages/croniter/croniter.py", line 271, in __init__
    self.expanded, self.nth_weekday_of_month = self.expand(
                                               ^^^^^^^^^^^^
  File "/home/airflow/.local/lib/python3.12/site-packages/croniter/croniter.py", line 1032, in expand
    return cls._expand(expr_format, hash_id=hash_id,
           ^^^^^^^^^^^^^^^^^^^^^^^^^^^^^^^^^^^^^^^^^
  File "/home/airflow/.local/lib/python3.12/site-packages/croniter/croniter.py", line 834, in _expand
    raise CroniterBadCronError(cls.bad_length)
croniter.croniter.CroniterBadCronError: Exactly 5, 6 or 7 columns has to be specified for iterator expression.

During handling of the above exception, another exception occurred:

Traceback (most recent call last):
  File "/home/airflow/.local/lib/python3.12/site-packages/airflow/models/dagbag.py", line 479, in _process_modules
    dag.validate()
  File "/home/airflow/.local/lib/python3.12/site-packages/airflow/models/dag.py", line 845, in validate
    self.timetable.validate()
  File "/home/airflow/.local/lib/python3.12/site-packages/airflow/timetables/_cron.py", line 104, in validate
    raise AirflowTimetableInvalid(str(e))
airflow.exceptions.AirflowTimetableInvalid: Exactly 5, 6 or 7 columns has to be specified for iterator expression.
[2025-06-15T15:19:21.418+0000] {processor.py:927} WARNING - No viable dags retrieved from /opt/airflow/dags/data_quality.py
[2025-06-15T15:19:21.475+0000] {processor.py:208} INFO - Processing /opt/airflow/dags/data_quality.py took 0.984 seconds
[2025-06-15T15:19:53.435+0000] {processor.py:186} INFO - Started process (PID=1796) to work on /opt/airflow/dags/data_quality.py
[2025-06-15T15:19:53.502+0000] {processor.py:914} INFO - Processing file /opt/airflow/dags/data_quality.py for tasks to queue
[2025-06-15T15:19:53.527+0000] {logging_mixin.py:190} INFO - [2025-06-15T15:19:53.526+0000] {dagbag.py:588} INFO - Filling up the DagBag from /opt/airflow/dags/data_quality.py
[2025-06-15T15:19:58.909+0000] {logging_mixin.py:190} INFO - [2025-06-15T15:19:58.875+0000] {dagbag.py:484} ERROR - Failed to bag_dag: /opt/airflow/dags/data_quality.py
Traceback (most recent call last):
  File "/home/airflow/.local/lib/python3.12/site-packages/airflow/timetables/_cron.py", line 102, in validate
    croniter(self._expression)
  File "/home/airflow/.local/lib/python3.12/site-packages/croniter/croniter.py", line 271, in __init__
    self.expanded, self.nth_weekday_of_month = self.expand(
                                               ^^^^^^^^^^^^
  File "/home/airflow/.local/lib/python3.12/site-packages/croniter/croniter.py", line 1032, in expand
    return cls._expand(expr_format, hash_id=hash_id,
           ^^^^^^^^^^^^^^^^^^^^^^^^^^^^^^^^^^^^^^^^^
  File "/home/airflow/.local/lib/python3.12/site-packages/croniter/croniter.py", line 834, in _expand
    raise CroniterBadCronError(cls.bad_length)
croniter.croniter.CroniterBadCronError: Exactly 5, 6 or 7 columns has to be specified for iterator expression.

During handling of the above exception, another exception occurred:

Traceback (most recent call last):
  File "/home/airflow/.local/lib/python3.12/site-packages/airflow/models/dagbag.py", line 479, in _process_modules
    dag.validate()
  File "/home/airflow/.local/lib/python3.12/site-packages/airflow/models/dag.py", line 845, in validate
    self.timetable.validate()
  File "/home/airflow/.local/lib/python3.12/site-packages/airflow/timetables/_cron.py", line 104, in validate
    raise AirflowTimetableInvalid(str(e))
airflow.exceptions.AirflowTimetableInvalid: Exactly 5, 6 or 7 columns has to be specified for iterator expression.
[2025-06-15T15:19:58.966+0000] {processor.py:927} WARNING - No viable dags retrieved from /opt/airflow/dags/data_quality.py
[2025-06-15T15:19:59.177+0000] {processor.py:208} INFO - Processing /opt/airflow/dags/data_quality.py took 5.903 seconds
[2025-06-15T15:20:30.679+0000] {processor.py:186} INFO - Started process (PID=1809) to work on /opt/airflow/dags/data_quality.py
[2025-06-15T15:20:30.691+0000] {processor.py:914} INFO - Processing file /opt/airflow/dags/data_quality.py for tasks to queue
[2025-06-15T15:20:30.709+0000] {logging_mixin.py:190} INFO - [2025-06-15T15:20:30.708+0000] {dagbag.py:588} INFO - Filling up the DagBag from /opt/airflow/dags/data_quality.py
[2025-06-15T15:20:32.203+0000] {logging_mixin.py:190} INFO - [2025-06-15T15:20:32.187+0000] {dagbag.py:484} ERROR - Failed to bag_dag: /opt/airflow/dags/data_quality.py
Traceback (most recent call last):
  File "/home/airflow/.local/lib/python3.12/site-packages/airflow/timetables/_cron.py", line 102, in validate
    croniter(self._expression)
  File "/home/airflow/.local/lib/python3.12/site-packages/croniter/croniter.py", line 271, in __init__
    self.expanded, self.nth_weekday_of_month = self.expand(
                                               ^^^^^^^^^^^^
  File "/home/airflow/.local/lib/python3.12/site-packages/croniter/croniter.py", line 1032, in expand
    return cls._expand(expr_format, hash_id=hash_id,
           ^^^^^^^^^^^^^^^^^^^^^^^^^^^^^^^^^^^^^^^^^
  File "/home/airflow/.local/lib/python3.12/site-packages/croniter/croniter.py", line 834, in _expand
    raise CroniterBadCronError(cls.bad_length)
croniter.croniter.CroniterBadCronError: Exactly 5, 6 or 7 columns has to be specified for iterator expression.

During handling of the above exception, another exception occurred:

Traceback (most recent call last):
  File "/home/airflow/.local/lib/python3.12/site-packages/airflow/models/dagbag.py", line 479, in _process_modules
    dag.validate()
  File "/home/airflow/.local/lib/python3.12/site-packages/airflow/models/dag.py", line 845, in validate
    self.timetable.validate()
  File "/home/airflow/.local/lib/python3.12/site-packages/airflow/timetables/_cron.py", line 104, in validate
    raise AirflowTimetableInvalid(str(e))
airflow.exceptions.AirflowTimetableInvalid: Exactly 5, 6 or 7 columns has to be specified for iterator expression.
[2025-06-15T15:20:32.206+0000] {processor.py:927} WARNING - No viable dags retrieved from /opt/airflow/dags/data_quality.py
[2025-06-15T15:20:32.295+0000] {processor.py:208} INFO - Processing /opt/airflow/dags/data_quality.py took 1.667 seconds
[2025-06-15T15:21:02.958+0000] {processor.py:186} INFO - Started process (PID=1819) to work on /opt/airflow/dags/data_quality.py
[2025-06-15T15:21:02.963+0000] {processor.py:914} INFO - Processing file /opt/airflow/dags/data_quality.py for tasks to queue
[2025-06-15T15:21:02.993+0000] {logging_mixin.py:190} INFO - [2025-06-15T15:21:02.992+0000] {dagbag.py:588} INFO - Filling up the DagBag from /opt/airflow/dags/data_quality.py
[2025-06-15T15:21:04.448+0000] {logging_mixin.py:190} INFO - [2025-06-15T15:21:04.440+0000] {dagbag.py:484} ERROR - Failed to bag_dag: /opt/airflow/dags/data_quality.py
Traceback (most recent call last):
  File "/home/airflow/.local/lib/python3.12/site-packages/airflow/timetables/_cron.py", line 102, in validate
    croniter(self._expression)
  File "/home/airflow/.local/lib/python3.12/site-packages/croniter/croniter.py", line 271, in __init__
    self.expanded, self.nth_weekday_of_month = self.expand(
                                               ^^^^^^^^^^^^
  File "/home/airflow/.local/lib/python3.12/site-packages/croniter/croniter.py", line 1032, in expand
    return cls._expand(expr_format, hash_id=hash_id,
           ^^^^^^^^^^^^^^^^^^^^^^^^^^^^^^^^^^^^^^^^^
  File "/home/airflow/.local/lib/python3.12/site-packages/croniter/croniter.py", line 834, in _expand
    raise CroniterBadCronError(cls.bad_length)
croniter.croniter.CroniterBadCronError: Exactly 5, 6 or 7 columns has to be specified for iterator expression.

During handling of the above exception, another exception occurred:

Traceback (most recent call last):
  File "/home/airflow/.local/lib/python3.12/site-packages/airflow/models/dagbag.py", line 479, in _process_modules
    dag.validate()
  File "/home/airflow/.local/lib/python3.12/site-packages/airflow/models/dag.py", line 845, in validate
    self.timetable.validate()
  File "/home/airflow/.local/lib/python3.12/site-packages/airflow/timetables/_cron.py", line 104, in validate
    raise AirflowTimetableInvalid(str(e))
airflow.exceptions.AirflowTimetableInvalid: Exactly 5, 6 or 7 columns has to be specified for iterator expression.
[2025-06-15T15:21:04.450+0000] {processor.py:927} WARNING - No viable dags retrieved from /opt/airflow/dags/data_quality.py
[2025-06-15T15:21:04.592+0000] {processor.py:208} INFO - Processing /opt/airflow/dags/data_quality.py took 1.658 seconds
[2025-06-15T15:21:35.316+0000] {processor.py:186} INFO - Started process (PID=1836) to work on /opt/airflow/dags/data_quality.py
[2025-06-15T15:21:35.319+0000] {processor.py:914} INFO - Processing file /opt/airflow/dags/data_quality.py for tasks to queue
[2025-06-15T15:21:35.328+0000] {logging_mixin.py:190} INFO - [2025-06-15T15:21:35.326+0000] {dagbag.py:588} INFO - Filling up the DagBag from /opt/airflow/dags/data_quality.py
[2025-06-15T15:21:36.551+0000] {logging_mixin.py:190} INFO - [2025-06-15T15:21:36.543+0000] {dagbag.py:484} ERROR - Failed to bag_dag: /opt/airflow/dags/data_quality.py
Traceback (most recent call last):
  File "/home/airflow/.local/lib/python3.12/site-packages/airflow/timetables/_cron.py", line 102, in validate
    croniter(self._expression)
  File "/home/airflow/.local/lib/python3.12/site-packages/croniter/croniter.py", line 271, in __init__
    self.expanded, self.nth_weekday_of_month = self.expand(
                                               ^^^^^^^^^^^^
  File "/home/airflow/.local/lib/python3.12/site-packages/croniter/croniter.py", line 1032, in expand
    return cls._expand(expr_format, hash_id=hash_id,
           ^^^^^^^^^^^^^^^^^^^^^^^^^^^^^^^^^^^^^^^^^
  File "/home/airflow/.local/lib/python3.12/site-packages/croniter/croniter.py", line 834, in _expand
    raise CroniterBadCronError(cls.bad_length)
croniter.croniter.CroniterBadCronError: Exactly 5, 6 or 7 columns has to be specified for iterator expression.

During handling of the above exception, another exception occurred:

Traceback (most recent call last):
  File "/home/airflow/.local/lib/python3.12/site-packages/airflow/models/dagbag.py", line 479, in _process_modules
    dag.validate()
  File "/home/airflow/.local/lib/python3.12/site-packages/airflow/models/dag.py", line 845, in validate
    self.timetable.validate()
  File "/home/airflow/.local/lib/python3.12/site-packages/airflow/timetables/_cron.py", line 104, in validate
    raise AirflowTimetableInvalid(str(e))
airflow.exceptions.AirflowTimetableInvalid: Exactly 5, 6 or 7 columns has to be specified for iterator expression.
[2025-06-15T15:21:36.553+0000] {processor.py:927} WARNING - No viable dags retrieved from /opt/airflow/dags/data_quality.py
[2025-06-15T15:21:36.623+0000] {processor.py:208} INFO - Processing /opt/airflow/dags/data_quality.py took 1.330 seconds
[2025-06-15T15:22:07.289+0000] {processor.py:186} INFO - Started process (PID=1848) to work on /opt/airflow/dags/data_quality.py
[2025-06-15T15:22:07.297+0000] {processor.py:914} INFO - Processing file /opt/airflow/dags/data_quality.py for tasks to queue
[2025-06-15T15:22:07.310+0000] {logging_mixin.py:190} INFO - [2025-06-15T15:22:07.309+0000] {dagbag.py:588} INFO - Filling up the DagBag from /opt/airflow/dags/data_quality.py
[2025-06-15T15:22:08.591+0000] {logging_mixin.py:190} INFO - [2025-06-15T15:22:08.583+0000] {dagbag.py:484} ERROR - Failed to bag_dag: /opt/airflow/dags/data_quality.py
Traceback (most recent call last):
  File "/home/airflow/.local/lib/python3.12/site-packages/airflow/timetables/_cron.py", line 102, in validate
    croniter(self._expression)
  File "/home/airflow/.local/lib/python3.12/site-packages/croniter/croniter.py", line 271, in __init__
    self.expanded, self.nth_weekday_of_month = self.expand(
                                               ^^^^^^^^^^^^
  File "/home/airflow/.local/lib/python3.12/site-packages/croniter/croniter.py", line 1032, in expand
    return cls._expand(expr_format, hash_id=hash_id,
           ^^^^^^^^^^^^^^^^^^^^^^^^^^^^^^^^^^^^^^^^^
  File "/home/airflow/.local/lib/python3.12/site-packages/croniter/croniter.py", line 834, in _expand
    raise CroniterBadCronError(cls.bad_length)
croniter.croniter.CroniterBadCronError: Exactly 5, 6 or 7 columns has to be specified for iterator expression.

During handling of the above exception, another exception occurred:

Traceback (most recent call last):
  File "/home/airflow/.local/lib/python3.12/site-packages/airflow/models/dagbag.py", line 479, in _process_modules
    dag.validate()
  File "/home/airflow/.local/lib/python3.12/site-packages/airflow/models/dag.py", line 845, in validate
    self.timetable.validate()
  File "/home/airflow/.local/lib/python3.12/site-packages/airflow/timetables/_cron.py", line 104, in validate
    raise AirflowTimetableInvalid(str(e))
airflow.exceptions.AirflowTimetableInvalid: Exactly 5, 6 or 7 columns has to be specified for iterator expression.
[2025-06-15T15:22:08.592+0000] {processor.py:927} WARNING - No viable dags retrieved from /opt/airflow/dags/data_quality.py
[2025-06-15T15:22:08.653+0000] {processor.py:208} INFO - Processing /opt/airflow/dags/data_quality.py took 1.389 seconds
[2025-06-15T15:22:39.248+0000] {processor.py:186} INFO - Started process (PID=1861) to work on /opt/airflow/dags/data_quality.py
[2025-06-15T15:22:39.251+0000] {processor.py:914} INFO - Processing file /opt/airflow/dags/data_quality.py for tasks to queue
[2025-06-15T15:22:39.266+0000] {logging_mixin.py:190} INFO - [2025-06-15T15:22:39.265+0000] {dagbag.py:588} INFO - Filling up the DagBag from /opt/airflow/dags/data_quality.py
[2025-06-15T15:22:41.058+0000] {logging_mixin.py:190} INFO - [2025-06-15T15:22:41.020+0000] {dagbag.py:484} ERROR - Failed to bag_dag: /opt/airflow/dags/data_quality.py
Traceback (most recent call last):
  File "/home/airflow/.local/lib/python3.12/site-packages/airflow/timetables/_cron.py", line 102, in validate
    croniter(self._expression)
  File "/home/airflow/.local/lib/python3.12/site-packages/croniter/croniter.py", line 271, in __init__
    self.expanded, self.nth_weekday_of_month = self.expand(
                                               ^^^^^^^^^^^^
  File "/home/airflow/.local/lib/python3.12/site-packages/croniter/croniter.py", line 1032, in expand
    return cls._expand(expr_format, hash_id=hash_id,
           ^^^^^^^^^^^^^^^^^^^^^^^^^^^^^^^^^^^^^^^^^
  File "/home/airflow/.local/lib/python3.12/site-packages/croniter/croniter.py", line 834, in _expand
    raise CroniterBadCronError(cls.bad_length)
croniter.croniter.CroniterBadCronError: Exactly 5, 6 or 7 columns has to be specified for iterator expression.

During handling of the above exception, another exception occurred:

Traceback (most recent call last):
  File "/home/airflow/.local/lib/python3.12/site-packages/airflow/models/dagbag.py", line 479, in _process_modules
    dag.validate()
  File "/home/airflow/.local/lib/python3.12/site-packages/airflow/models/dag.py", line 845, in validate
    self.timetable.validate()
  File "/home/airflow/.local/lib/python3.12/site-packages/airflow/timetables/_cron.py", line 104, in validate
    raise AirflowTimetableInvalid(str(e))
airflow.exceptions.AirflowTimetableInvalid: Exactly 5, 6 or 7 columns has to be specified for iterator expression.
[2025-06-15T15:22:41.072+0000] {processor.py:927} WARNING - No viable dags retrieved from /opt/airflow/dags/data_quality.py
[2025-06-15T15:22:41.198+0000] {processor.py:208} INFO - Processing /opt/airflow/dags/data_quality.py took 1.988 seconds
[2025-06-15T15:23:11.512+0000] {processor.py:186} INFO - Started process (PID=1873) to work on /opt/airflow/dags/data_quality.py
[2025-06-15T15:23:11.518+0000] {processor.py:914} INFO - Processing file /opt/airflow/dags/data_quality.py for tasks to queue
[2025-06-15T15:23:11.533+0000] {logging_mixin.py:190} INFO - [2025-06-15T15:23:11.532+0000] {dagbag.py:588} INFO - Filling up the DagBag from /opt/airflow/dags/data_quality.py
[2025-06-15T15:23:12.884+0000] {logging_mixin.py:190} INFO - [2025-06-15T15:23:12.865+0000] {dagbag.py:484} ERROR - Failed to bag_dag: /opt/airflow/dags/data_quality.py
Traceback (most recent call last):
  File "/home/airflow/.local/lib/python3.12/site-packages/airflow/timetables/_cron.py", line 102, in validate
    croniter(self._expression)
  File "/home/airflow/.local/lib/python3.12/site-packages/croniter/croniter.py", line 271, in __init__
    self.expanded, self.nth_weekday_of_month = self.expand(
                                               ^^^^^^^^^^^^
  File "/home/airflow/.local/lib/python3.12/site-packages/croniter/croniter.py", line 1032, in expand
    return cls._expand(expr_format, hash_id=hash_id,
           ^^^^^^^^^^^^^^^^^^^^^^^^^^^^^^^^^^^^^^^^^
  File "/home/airflow/.local/lib/python3.12/site-packages/croniter/croniter.py", line 834, in _expand
    raise CroniterBadCronError(cls.bad_length)
croniter.croniter.CroniterBadCronError: Exactly 5, 6 or 7 columns has to be specified for iterator expression.

During handling of the above exception, another exception occurred:

Traceback (most recent call last):
  File "/home/airflow/.local/lib/python3.12/site-packages/airflow/models/dagbag.py", line 479, in _process_modules
    dag.validate()
  File "/home/airflow/.local/lib/python3.12/site-packages/airflow/models/dag.py", line 845, in validate
    self.timetable.validate()
  File "/home/airflow/.local/lib/python3.12/site-packages/airflow/timetables/_cron.py", line 104, in validate
    raise AirflowTimetableInvalid(str(e))
airflow.exceptions.AirflowTimetableInvalid: Exactly 5, 6 or 7 columns has to be specified for iterator expression.
[2025-06-15T15:23:12.895+0000] {processor.py:927} WARNING - No viable dags retrieved from /opt/airflow/dags/data_quality.py
[2025-06-15T15:23:12.974+0000] {processor.py:208} INFO - Processing /opt/airflow/dags/data_quality.py took 1.485 seconds
[2025-06-15T15:23:43.503+0000] {processor.py:186} INFO - Started process (PID=1885) to work on /opt/airflow/dags/data_quality.py
[2025-06-15T15:23:43.516+0000] {processor.py:914} INFO - Processing file /opt/airflow/dags/data_quality.py for tasks to queue
[2025-06-15T15:23:43.545+0000] {logging_mixin.py:190} INFO - [2025-06-15T15:23:43.534+0000] {dagbag.py:588} INFO - Filling up the DagBag from /opt/airflow/dags/data_quality.py
[2025-06-15T15:23:46.156+0000] {logging_mixin.py:190} INFO - [2025-06-15T15:23:46.139+0000] {dagbag.py:484} ERROR - Failed to bag_dag: /opt/airflow/dags/data_quality.py
Traceback (most recent call last):
  File "/home/airflow/.local/lib/python3.12/site-packages/airflow/timetables/_cron.py", line 102, in validate
    croniter(self._expression)
  File "/home/airflow/.local/lib/python3.12/site-packages/croniter/croniter.py", line 271, in __init__
    self.expanded, self.nth_weekday_of_month = self.expand(
                                               ^^^^^^^^^^^^
  File "/home/airflow/.local/lib/python3.12/site-packages/croniter/croniter.py", line 1032, in expand
    return cls._expand(expr_format, hash_id=hash_id,
           ^^^^^^^^^^^^^^^^^^^^^^^^^^^^^^^^^^^^^^^^^
  File "/home/airflow/.local/lib/python3.12/site-packages/croniter/croniter.py", line 834, in _expand
    raise CroniterBadCronError(cls.bad_length)
croniter.croniter.CroniterBadCronError: Exactly 5, 6 or 7 columns has to be specified for iterator expression.

During handling of the above exception, another exception occurred:

Traceback (most recent call last):
  File "/home/airflow/.local/lib/python3.12/site-packages/airflow/models/dagbag.py", line 479, in _process_modules
    dag.validate()
  File "/home/airflow/.local/lib/python3.12/site-packages/airflow/models/dag.py", line 845, in validate
    self.timetable.validate()
  File "/home/airflow/.local/lib/python3.12/site-packages/airflow/timetables/_cron.py", line 104, in validate
    raise AirflowTimetableInvalid(str(e))
airflow.exceptions.AirflowTimetableInvalid: Exactly 5, 6 or 7 columns has to be specified for iterator expression.
[2025-06-15T15:23:46.169+0000] {processor.py:927} WARNING - No viable dags retrieved from /opt/airflow/dags/data_quality.py
[2025-06-15T15:23:46.275+0000] {processor.py:208} INFO - Processing /opt/airflow/dags/data_quality.py took 2.806 seconds
[2025-06-15T15:24:16.435+0000] {processor.py:186} INFO - Started process (PID=1897) to work on /opt/airflow/dags/data_quality.py
[2025-06-15T15:24:16.442+0000] {processor.py:914} INFO - Processing file /opt/airflow/dags/data_quality.py for tasks to queue
[2025-06-15T15:24:16.462+0000] {logging_mixin.py:190} INFO - [2025-06-15T15:24:16.455+0000] {dagbag.py:588} INFO - Filling up the DagBag from /opt/airflow/dags/data_quality.py
[2025-06-15T15:24:17.863+0000] {logging_mixin.py:190} INFO - [2025-06-15T15:24:17.850+0000] {dagbag.py:484} ERROR - Failed to bag_dag: /opt/airflow/dags/data_quality.py
Traceback (most recent call last):
  File "/home/airflow/.local/lib/python3.12/site-packages/airflow/timetables/_cron.py", line 102, in validate
    croniter(self._expression)
  File "/home/airflow/.local/lib/python3.12/site-packages/croniter/croniter.py", line 271, in __init__
    self.expanded, self.nth_weekday_of_month = self.expand(
                                               ^^^^^^^^^^^^
  File "/home/airflow/.local/lib/python3.12/site-packages/croniter/croniter.py", line 1032, in expand
    return cls._expand(expr_format, hash_id=hash_id,
           ^^^^^^^^^^^^^^^^^^^^^^^^^^^^^^^^^^^^^^^^^
  File "/home/airflow/.local/lib/python3.12/site-packages/croniter/croniter.py", line 834, in _expand
    raise CroniterBadCronError(cls.bad_length)
croniter.croniter.CroniterBadCronError: Exactly 5, 6 or 7 columns has to be specified for iterator expression.

During handling of the above exception, another exception occurred:

Traceback (most recent call last):
  File "/home/airflow/.local/lib/python3.12/site-packages/airflow/models/dagbag.py", line 479, in _process_modules
    dag.validate()
  File "/home/airflow/.local/lib/python3.12/site-packages/airflow/models/dag.py", line 845, in validate
    self.timetable.validate()
  File "/home/airflow/.local/lib/python3.12/site-packages/airflow/timetables/_cron.py", line 104, in validate
    raise AirflowTimetableInvalid(str(e))
airflow.exceptions.AirflowTimetableInvalid: Exactly 5, 6 or 7 columns has to be specified for iterator expression.
[2025-06-15T15:24:17.865+0000] {processor.py:927} WARNING - No viable dags retrieved from /opt/airflow/dags/data_quality.py
[2025-06-15T15:24:17.972+0000] {processor.py:208} INFO - Processing /opt/airflow/dags/data_quality.py took 1.585 seconds
[2025-06-15T15:24:48.299+0000] {processor.py:186} INFO - Started process (PID=1909) to work on /opt/airflow/dags/data_quality.py
[2025-06-15T15:24:48.313+0000] {processor.py:914} INFO - Processing file /opt/airflow/dags/data_quality.py for tasks to queue
[2025-06-15T15:24:48.347+0000] {logging_mixin.py:190} INFO - [2025-06-15T15:24:48.346+0000] {dagbag.py:588} INFO - Filling up the DagBag from /opt/airflow/dags/data_quality.py
[2025-06-15T15:24:50.693+0000] {logging_mixin.py:190} INFO - [2025-06-15T15:24:50.678+0000] {dagbag.py:484} ERROR - Failed to bag_dag: /opt/airflow/dags/data_quality.py
Traceback (most recent call last):
  File "/home/airflow/.local/lib/python3.12/site-packages/airflow/timetables/_cron.py", line 102, in validate
    croniter(self._expression)
  File "/home/airflow/.local/lib/python3.12/site-packages/croniter/croniter.py", line 271, in __init__
    self.expanded, self.nth_weekday_of_month = self.expand(
                                               ^^^^^^^^^^^^
  File "/home/airflow/.local/lib/python3.12/site-packages/croniter/croniter.py", line 1032, in expand
    return cls._expand(expr_format, hash_id=hash_id,
           ^^^^^^^^^^^^^^^^^^^^^^^^^^^^^^^^^^^^^^^^^
  File "/home/airflow/.local/lib/python3.12/site-packages/croniter/croniter.py", line 834, in _expand
    raise CroniterBadCronError(cls.bad_length)
croniter.croniter.CroniterBadCronError: Exactly 5, 6 or 7 columns has to be specified for iterator expression.

During handling of the above exception, another exception occurred:

Traceback (most recent call last):
  File "/home/airflow/.local/lib/python3.12/site-packages/airflow/models/dagbag.py", line 479, in _process_modules
    dag.validate()
  File "/home/airflow/.local/lib/python3.12/site-packages/airflow/models/dag.py", line 845, in validate
    self.timetable.validate()
  File "/home/airflow/.local/lib/python3.12/site-packages/airflow/timetables/_cron.py", line 104, in validate
    raise AirflowTimetableInvalid(str(e))
airflow.exceptions.AirflowTimetableInvalid: Exactly 5, 6 or 7 columns has to be specified for iterator expression.
[2025-06-15T15:24:50.708+0000] {processor.py:927} WARNING - No viable dags retrieved from /opt/airflow/dags/data_quality.py
[2025-06-15T15:24:50.824+0000] {processor.py:208} INFO - Processing /opt/airflow/dags/data_quality.py took 2.559 seconds
[2025-06-15T15:25:21.139+0000] {processor.py:186} INFO - Started process (PID=1921) to work on /opt/airflow/dags/data_quality.py
[2025-06-15T15:25:21.142+0000] {processor.py:914} INFO - Processing file /opt/airflow/dags/data_quality.py for tasks to queue
[2025-06-15T15:25:21.160+0000] {logging_mixin.py:190} INFO - [2025-06-15T15:25:21.159+0000] {dagbag.py:588} INFO - Filling up the DagBag from /opt/airflow/dags/data_quality.py
[2025-06-15T15:25:24.032+0000] {logging_mixin.py:190} INFO - [2025-06-15T15:25:24.002+0000] {dagbag.py:484} ERROR - Failed to bag_dag: /opt/airflow/dags/data_quality.py
Traceback (most recent call last):
  File "/home/airflow/.local/lib/python3.12/site-packages/airflow/timetables/_cron.py", line 102, in validate
    croniter(self._expression)
  File "/home/airflow/.local/lib/python3.12/site-packages/croniter/croniter.py", line 271, in __init__
    self.expanded, self.nth_weekday_of_month = self.expand(
                                               ^^^^^^^^^^^^
  File "/home/airflow/.local/lib/python3.12/site-packages/croniter/croniter.py", line 1032, in expand
    return cls._expand(expr_format, hash_id=hash_id,
           ^^^^^^^^^^^^^^^^^^^^^^^^^^^^^^^^^^^^^^^^^
  File "/home/airflow/.local/lib/python3.12/site-packages/croniter/croniter.py", line 834, in _expand
    raise CroniterBadCronError(cls.bad_length)
croniter.croniter.CroniterBadCronError: Exactly 5, 6 or 7 columns has to be specified for iterator expression.

During handling of the above exception, another exception occurred:

Traceback (most recent call last):
  File "/home/airflow/.local/lib/python3.12/site-packages/airflow/models/dagbag.py", line 479, in _process_modules
    dag.validate()
  File "/home/airflow/.local/lib/python3.12/site-packages/airflow/models/dag.py", line 845, in validate
    self.timetable.validate()
  File "/home/airflow/.local/lib/python3.12/site-packages/airflow/timetables/_cron.py", line 104, in validate
    raise AirflowTimetableInvalid(str(e))
airflow.exceptions.AirflowTimetableInvalid: Exactly 5, 6 or 7 columns has to be specified for iterator expression.
[2025-06-15T15:25:24.033+0000] {processor.py:927} WARNING - No viable dags retrieved from /opt/airflow/dags/data_quality.py
[2025-06-15T15:25:24.187+0000] {processor.py:208} INFO - Processing /opt/airflow/dags/data_quality.py took 3.099 seconds
[2025-06-15T15:25:54.736+0000] {processor.py:186} INFO - Started process (PID=1934) to work on /opt/airflow/dags/data_quality.py
[2025-06-15T15:25:54.739+0000] {processor.py:914} INFO - Processing file /opt/airflow/dags/data_quality.py for tasks to queue
[2025-06-15T15:25:54.762+0000] {logging_mixin.py:190} INFO - [2025-06-15T15:25:54.760+0000] {dagbag.py:588} INFO - Filling up the DagBag from /opt/airflow/dags/data_quality.py
[2025-06-15T15:25:56.255+0000] {logging_mixin.py:190} INFO - [2025-06-15T15:25:56.245+0000] {dagbag.py:484} ERROR - Failed to bag_dag: /opt/airflow/dags/data_quality.py
Traceback (most recent call last):
  File "/home/airflow/.local/lib/python3.12/site-packages/airflow/timetables/_cron.py", line 102, in validate
    croniter(self._expression)
  File "/home/airflow/.local/lib/python3.12/site-packages/croniter/croniter.py", line 271, in __init__
    self.expanded, self.nth_weekday_of_month = self.expand(
                                               ^^^^^^^^^^^^
  File "/home/airflow/.local/lib/python3.12/site-packages/croniter/croniter.py", line 1032, in expand
    return cls._expand(expr_format, hash_id=hash_id,
           ^^^^^^^^^^^^^^^^^^^^^^^^^^^^^^^^^^^^^^^^^
  File "/home/airflow/.local/lib/python3.12/site-packages/croniter/croniter.py", line 834, in _expand
    raise CroniterBadCronError(cls.bad_length)
croniter.croniter.CroniterBadCronError: Exactly 5, 6 or 7 columns has to be specified for iterator expression.

During handling of the above exception, another exception occurred:

Traceback (most recent call last):
  File "/home/airflow/.local/lib/python3.12/site-packages/airflow/models/dagbag.py", line 479, in _process_modules
    dag.validate()
  File "/home/airflow/.local/lib/python3.12/site-packages/airflow/models/dag.py", line 845, in validate
    self.timetable.validate()
  File "/home/airflow/.local/lib/python3.12/site-packages/airflow/timetables/_cron.py", line 104, in validate
    raise AirflowTimetableInvalid(str(e))
airflow.exceptions.AirflowTimetableInvalid: Exactly 5, 6 or 7 columns has to be specified for iterator expression.
[2025-06-15T15:25:56.256+0000] {processor.py:927} WARNING - No viable dags retrieved from /opt/airflow/dags/data_quality.py
[2025-06-15T15:25:56.346+0000] {processor.py:208} INFO - Processing /opt/airflow/dags/data_quality.py took 1.641 seconds
[2025-06-15T15:26:26.573+0000] {processor.py:186} INFO - Started process (PID=1946) to work on /opt/airflow/dags/data_quality.py
[2025-06-15T15:26:26.587+0000] {processor.py:914} INFO - Processing file /opt/airflow/dags/data_quality.py for tasks to queue
[2025-06-15T15:26:26.607+0000] {logging_mixin.py:190} INFO - [2025-06-15T15:26:26.605+0000] {dagbag.py:588} INFO - Filling up the DagBag from /opt/airflow/dags/data_quality.py
[2025-06-15T15:26:28.313+0000] {logging_mixin.py:190} INFO - [2025-06-15T15:26:28.303+0000] {dagbag.py:484} ERROR - Failed to bag_dag: /opt/airflow/dags/data_quality.py
Traceback (most recent call last):
  File "/home/airflow/.local/lib/python3.12/site-packages/airflow/timetables/_cron.py", line 102, in validate
    croniter(self._expression)
  File "/home/airflow/.local/lib/python3.12/site-packages/croniter/croniter.py", line 271, in __init__
    self.expanded, self.nth_weekday_of_month = self.expand(
                                               ^^^^^^^^^^^^
  File "/home/airflow/.local/lib/python3.12/site-packages/croniter/croniter.py", line 1032, in expand
    return cls._expand(expr_format, hash_id=hash_id,
           ^^^^^^^^^^^^^^^^^^^^^^^^^^^^^^^^^^^^^^^^^
  File "/home/airflow/.local/lib/python3.12/site-packages/croniter/croniter.py", line 834, in _expand
    raise CroniterBadCronError(cls.bad_length)
croniter.croniter.CroniterBadCronError: Exactly 5, 6 or 7 columns has to be specified for iterator expression.

During handling of the above exception, another exception occurred:

Traceback (most recent call last):
  File "/home/airflow/.local/lib/python3.12/site-packages/airflow/models/dagbag.py", line 479, in _process_modules
    dag.validate()
  File "/home/airflow/.local/lib/python3.12/site-packages/airflow/models/dag.py", line 845, in validate
    self.timetable.validate()
  File "/home/airflow/.local/lib/python3.12/site-packages/airflow/timetables/_cron.py", line 104, in validate
    raise AirflowTimetableInvalid(str(e))
airflow.exceptions.AirflowTimetableInvalid: Exactly 5, 6 or 7 columns has to be specified for iterator expression.
[2025-06-15T15:26:28.315+0000] {processor.py:927} WARNING - No viable dags retrieved from /opt/airflow/dags/data_quality.py
[2025-06-15T15:26:28.413+0000] {processor.py:208} INFO - Processing /opt/airflow/dags/data_quality.py took 1.895 seconds
[2025-06-15T15:26:59.162+0000] {processor.py:186} INFO - Started process (PID=1959) to work on /opt/airflow/dags/data_quality.py
[2025-06-15T15:26:59.176+0000] {processor.py:914} INFO - Processing file /opt/airflow/dags/data_quality.py for tasks to queue
[2025-06-15T15:26:59.193+0000] {logging_mixin.py:190} INFO - [2025-06-15T15:26:59.192+0000] {dagbag.py:588} INFO - Filling up the DagBag from /opt/airflow/dags/data_quality.py
[2025-06-15T15:27:00.959+0000] {logging_mixin.py:190} INFO - [2025-06-15T15:27:00.947+0000] {dagbag.py:484} ERROR - Failed to bag_dag: /opt/airflow/dags/data_quality.py
Traceback (most recent call last):
  File "/home/airflow/.local/lib/python3.12/site-packages/airflow/timetables/_cron.py", line 102, in validate
    croniter(self._expression)
  File "/home/airflow/.local/lib/python3.12/site-packages/croniter/croniter.py", line 271, in __init__
    self.expanded, self.nth_weekday_of_month = self.expand(
                                               ^^^^^^^^^^^^
  File "/home/airflow/.local/lib/python3.12/site-packages/croniter/croniter.py", line 1032, in expand
    return cls._expand(expr_format, hash_id=hash_id,
           ^^^^^^^^^^^^^^^^^^^^^^^^^^^^^^^^^^^^^^^^^
  File "/home/airflow/.local/lib/python3.12/site-packages/croniter/croniter.py", line 834, in _expand
    raise CroniterBadCronError(cls.bad_length)
croniter.croniter.CroniterBadCronError: Exactly 5, 6 or 7 columns has to be specified for iterator expression.

During handling of the above exception, another exception occurred:

Traceback (most recent call last):
  File "/home/airflow/.local/lib/python3.12/site-packages/airflow/models/dagbag.py", line 479, in _process_modules
    dag.validate()
  File "/home/airflow/.local/lib/python3.12/site-packages/airflow/models/dag.py", line 845, in validate
    self.timetable.validate()
  File "/home/airflow/.local/lib/python3.12/site-packages/airflow/timetables/_cron.py", line 104, in validate
    raise AirflowTimetableInvalid(str(e))
airflow.exceptions.AirflowTimetableInvalid: Exactly 5, 6 or 7 columns has to be specified for iterator expression.
[2025-06-15T15:27:00.961+0000] {processor.py:927} WARNING - No viable dags retrieved from /opt/airflow/dags/data_quality.py
[2025-06-15T15:27:01.033+0000] {processor.py:208} INFO - Processing /opt/airflow/dags/data_quality.py took 1.925 seconds
[2025-06-15T15:27:32.541+0000] {processor.py:186} INFO - Started process (PID=1971) to work on /opt/airflow/dags/data_quality.py
[2025-06-15T15:27:32.553+0000] {processor.py:914} INFO - Processing file /opt/airflow/dags/data_quality.py for tasks to queue
[2025-06-15T15:27:32.589+0000] {logging_mixin.py:190} INFO - [2025-06-15T15:27:32.576+0000] {dagbag.py:588} INFO - Filling up the DagBag from /opt/airflow/dags/data_quality.py
[2025-06-15T15:27:36.169+0000] {logging_mixin.py:190} INFO - [2025-06-15T15:27:36.153+0000] {dagbag.py:484} ERROR - Failed to bag_dag: /opt/airflow/dags/data_quality.py
Traceback (most recent call last):
  File "/home/airflow/.local/lib/python3.12/site-packages/airflow/timetables/_cron.py", line 102, in validate
    croniter(self._expression)
  File "/home/airflow/.local/lib/python3.12/site-packages/croniter/croniter.py", line 271, in __init__
    self.expanded, self.nth_weekday_of_month = self.expand(
                                               ^^^^^^^^^^^^
  File "/home/airflow/.local/lib/python3.12/site-packages/croniter/croniter.py", line 1032, in expand
    return cls._expand(expr_format, hash_id=hash_id,
           ^^^^^^^^^^^^^^^^^^^^^^^^^^^^^^^^^^^^^^^^^
  File "/home/airflow/.local/lib/python3.12/site-packages/croniter/croniter.py", line 834, in _expand
    raise CroniterBadCronError(cls.bad_length)
croniter.croniter.CroniterBadCronError: Exactly 5, 6 or 7 columns has to be specified for iterator expression.

During handling of the above exception, another exception occurred:

Traceback (most recent call last):
  File "/home/airflow/.local/lib/python3.12/site-packages/airflow/models/dagbag.py", line 479, in _process_modules
    dag.validate()
  File "/home/airflow/.local/lib/python3.12/site-packages/airflow/models/dag.py", line 845, in validate
    self.timetable.validate()
  File "/home/airflow/.local/lib/python3.12/site-packages/airflow/timetables/_cron.py", line 104, in validate
    raise AirflowTimetableInvalid(str(e))
airflow.exceptions.AirflowTimetableInvalid: Exactly 5, 6 or 7 columns has to be specified for iterator expression.
[2025-06-15T15:27:36.186+0000] {processor.py:927} WARNING - No viable dags retrieved from /opt/airflow/dags/data_quality.py
[2025-06-15T15:27:36.261+0000] {processor.py:208} INFO - Processing /opt/airflow/dags/data_quality.py took 3.783 seconds
[2025-06-15T15:28:07.479+0000] {processor.py:186} INFO - Started process (PID=1982) to work on /opt/airflow/dags/data_quality.py
[2025-06-15T15:28:07.496+0000] {processor.py:914} INFO - Processing file /opt/airflow/dags/data_quality.py for tasks to queue
[2025-06-15T15:28:07.514+0000] {logging_mixin.py:190} INFO - [2025-06-15T15:28:07.512+0000] {dagbag.py:588} INFO - Filling up the DagBag from /opt/airflow/dags/data_quality.py
[2025-06-15T15:28:09.313+0000] {logging_mixin.py:190} INFO - [2025-06-15T15:28:09.302+0000] {dagbag.py:484} ERROR - Failed to bag_dag: /opt/airflow/dags/data_quality.py
Traceback (most recent call last):
  File "/home/airflow/.local/lib/python3.12/site-packages/airflow/timetables/_cron.py", line 102, in validate
    croniter(self._expression)
  File "/home/airflow/.local/lib/python3.12/site-packages/croniter/croniter.py", line 271, in __init__
    self.expanded, self.nth_weekday_of_month = self.expand(
                                               ^^^^^^^^^^^^
  File "/home/airflow/.local/lib/python3.12/site-packages/croniter/croniter.py", line 1032, in expand
    return cls._expand(expr_format, hash_id=hash_id,
           ^^^^^^^^^^^^^^^^^^^^^^^^^^^^^^^^^^^^^^^^^
  File "/home/airflow/.local/lib/python3.12/site-packages/croniter/croniter.py", line 834, in _expand
    raise CroniterBadCronError(cls.bad_length)
croniter.croniter.CroniterBadCronError: Exactly 5, 6 or 7 columns has to be specified for iterator expression.

During handling of the above exception, another exception occurred:

Traceback (most recent call last):
  File "/home/airflow/.local/lib/python3.12/site-packages/airflow/models/dagbag.py", line 479, in _process_modules
    dag.validate()
  File "/home/airflow/.local/lib/python3.12/site-packages/airflow/models/dag.py", line 845, in validate
    self.timetable.validate()
  File "/home/airflow/.local/lib/python3.12/site-packages/airflow/timetables/_cron.py", line 104, in validate
    raise AirflowTimetableInvalid(str(e))
airflow.exceptions.AirflowTimetableInvalid: Exactly 5, 6 or 7 columns has to be specified for iterator expression.
[2025-06-15T15:28:09.314+0000] {processor.py:927} WARNING - No viable dags retrieved from /opt/airflow/dags/data_quality.py
[2025-06-15T15:28:09.389+0000] {processor.py:208} INFO - Processing /opt/airflow/dags/data_quality.py took 1.959 seconds
[2025-06-15T15:28:39.941+0000] {processor.py:186} INFO - Started process (PID=2000) to work on /opt/airflow/dags/data_quality.py
[2025-06-15T15:28:39.970+0000] {processor.py:914} INFO - Processing file /opt/airflow/dags/data_quality.py for tasks to queue
[2025-06-15T15:28:39.990+0000] {logging_mixin.py:190} INFO - [2025-06-15T15:28:39.989+0000] {dagbag.py:588} INFO - Filling up the DagBag from /opt/airflow/dags/data_quality.py
[2025-06-15T15:28:43.235+0000] {logging_mixin.py:190} INFO - [2025-06-15T15:28:43.216+0000] {dagbag.py:484} ERROR - Failed to bag_dag: /opt/airflow/dags/data_quality.py
Traceback (most recent call last):
  File "/home/airflow/.local/lib/python3.12/site-packages/airflow/timetables/_cron.py", line 102, in validate
    croniter(self._expression)
  File "/home/airflow/.local/lib/python3.12/site-packages/croniter/croniter.py", line 271, in __init__
    self.expanded, self.nth_weekday_of_month = self.expand(
                                               ^^^^^^^^^^^^
  File "/home/airflow/.local/lib/python3.12/site-packages/croniter/croniter.py", line 1032, in expand
    return cls._expand(expr_format, hash_id=hash_id,
           ^^^^^^^^^^^^^^^^^^^^^^^^^^^^^^^^^^^^^^^^^
  File "/home/airflow/.local/lib/python3.12/site-packages/croniter/croniter.py", line 834, in _expand
    raise CroniterBadCronError(cls.bad_length)
croniter.croniter.CroniterBadCronError: Exactly 5, 6 or 7 columns has to be specified for iterator expression.

During handling of the above exception, another exception occurred:

Traceback (most recent call last):
  File "/home/airflow/.local/lib/python3.12/site-packages/airflow/models/dagbag.py", line 479, in _process_modules
    dag.validate()
  File "/home/airflow/.local/lib/python3.12/site-packages/airflow/models/dag.py", line 845, in validate
    self.timetable.validate()
  File "/home/airflow/.local/lib/python3.12/site-packages/airflow/timetables/_cron.py", line 104, in validate
    raise AirflowTimetableInvalid(str(e))
airflow.exceptions.AirflowTimetableInvalid: Exactly 5, 6 or 7 columns has to be specified for iterator expression.
[2025-06-15T15:28:43.311+0000] {processor.py:927} WARNING - No viable dags retrieved from /opt/airflow/dags/data_quality.py
[2025-06-15T15:28:43.661+0000] {processor.py:208} INFO - Processing /opt/airflow/dags/data_quality.py took 3.774 seconds
[2025-06-15T15:29:13.997+0000] {processor.py:186} INFO - Started process (PID=2012) to work on /opt/airflow/dags/data_quality.py
[2025-06-15T15:29:14.002+0000] {processor.py:914} INFO - Processing file /opt/airflow/dags/data_quality.py for tasks to queue
[2025-06-15T15:29:14.011+0000] {logging_mixin.py:190} INFO - [2025-06-15T15:29:14.010+0000] {dagbag.py:588} INFO - Filling up the DagBag from /opt/airflow/dags/data_quality.py
[2025-06-15T15:29:15.417+0000] {logging_mixin.py:190} INFO - [2025-06-15T15:29:15.409+0000] {dagbag.py:484} ERROR - Failed to bag_dag: /opt/airflow/dags/data_quality.py
Traceback (most recent call last):
  File "/home/airflow/.local/lib/python3.12/site-packages/airflow/timetables/_cron.py", line 102, in validate
    croniter(self._expression)
  File "/home/airflow/.local/lib/python3.12/site-packages/croniter/croniter.py", line 271, in __init__
    self.expanded, self.nth_weekday_of_month = self.expand(
                                               ^^^^^^^^^^^^
  File "/home/airflow/.local/lib/python3.12/site-packages/croniter/croniter.py", line 1032, in expand
    return cls._expand(expr_format, hash_id=hash_id,
           ^^^^^^^^^^^^^^^^^^^^^^^^^^^^^^^^^^^^^^^^^
  File "/home/airflow/.local/lib/python3.12/site-packages/croniter/croniter.py", line 834, in _expand
    raise CroniterBadCronError(cls.bad_length)
croniter.croniter.CroniterBadCronError: Exactly 5, 6 or 7 columns has to be specified for iterator expression.

During handling of the above exception, another exception occurred:

Traceback (most recent call last):
  File "/home/airflow/.local/lib/python3.12/site-packages/airflow/models/dagbag.py", line 479, in _process_modules
    dag.validate()
  File "/home/airflow/.local/lib/python3.12/site-packages/airflow/models/dag.py", line 845, in validate
    self.timetable.validate()
  File "/home/airflow/.local/lib/python3.12/site-packages/airflow/timetables/_cron.py", line 104, in validate
    raise AirflowTimetableInvalid(str(e))
airflow.exceptions.AirflowTimetableInvalid: Exactly 5, 6 or 7 columns has to be specified for iterator expression.
[2025-06-15T15:29:15.419+0000] {processor.py:927} WARNING - No viable dags retrieved from /opt/airflow/dags/data_quality.py
[2025-06-15T15:29:15.491+0000] {processor.py:208} INFO - Processing /opt/airflow/dags/data_quality.py took 1.520 seconds
[2025-06-15T15:29:46.265+0000] {processor.py:186} INFO - Started process (PID=2024) to work on /opt/airflow/dags/data_quality.py
[2025-06-15T15:29:46.269+0000] {processor.py:914} INFO - Processing file /opt/airflow/dags/data_quality.py for tasks to queue
[2025-06-15T15:29:46.278+0000] {logging_mixin.py:190} INFO - [2025-06-15T15:29:46.277+0000] {dagbag.py:588} INFO - Filling up the DagBag from /opt/airflow/dags/data_quality.py
[2025-06-15T15:29:47.061+0000] {logging_mixin.py:190} INFO - [2025-06-15T15:29:47.056+0000] {dagbag.py:484} ERROR - Failed to bag_dag: /opt/airflow/dags/data_quality.py
Traceback (most recent call last):
  File "/home/airflow/.local/lib/python3.12/site-packages/airflow/timetables/_cron.py", line 102, in validate
    croniter(self._expression)
  File "/home/airflow/.local/lib/python3.12/site-packages/croniter/croniter.py", line 271, in __init__
    self.expanded, self.nth_weekday_of_month = self.expand(
                                               ^^^^^^^^^^^^
  File "/home/airflow/.local/lib/python3.12/site-packages/croniter/croniter.py", line 1032, in expand
    return cls._expand(expr_format, hash_id=hash_id,
           ^^^^^^^^^^^^^^^^^^^^^^^^^^^^^^^^^^^^^^^^^
  File "/home/airflow/.local/lib/python3.12/site-packages/croniter/croniter.py", line 834, in _expand
    raise CroniterBadCronError(cls.bad_length)
croniter.croniter.CroniterBadCronError: Exactly 5, 6 or 7 columns has to be specified for iterator expression.

During handling of the above exception, another exception occurred:

Traceback (most recent call last):
  File "/home/airflow/.local/lib/python3.12/site-packages/airflow/models/dagbag.py", line 479, in _process_modules
    dag.validate()
  File "/home/airflow/.local/lib/python3.12/site-packages/airflow/models/dag.py", line 845, in validate
    self.timetable.validate()
  File "/home/airflow/.local/lib/python3.12/site-packages/airflow/timetables/_cron.py", line 104, in validate
    raise AirflowTimetableInvalid(str(e))
airflow.exceptions.AirflowTimetableInvalid: Exactly 5, 6 or 7 columns has to be specified for iterator expression.
[2025-06-15T15:29:47.062+0000] {processor.py:927} WARNING - No viable dags retrieved from /opt/airflow/dags/data_quality.py
[2025-06-15T15:29:47.104+0000] {processor.py:208} INFO - Processing /opt/airflow/dags/data_quality.py took 0.859 seconds
[2025-06-15T15:30:17.936+0000] {processor.py:186} INFO - Started process (PID=2035) to work on /opt/airflow/dags/data_quality.py
[2025-06-15T15:30:17.951+0000] {processor.py:914} INFO - Processing file /opt/airflow/dags/data_quality.py for tasks to queue
[2025-06-15T15:30:17.983+0000] {logging_mixin.py:190} INFO - [2025-06-15T15:30:17.970+0000] {dagbag.py:588} INFO - Filling up the DagBag from /opt/airflow/dags/data_quality.py
[2025-06-15T15:30:21.022+0000] {logging_mixin.py:190} INFO - [2025-06-15T15:30:21.004+0000] {dagbag.py:484} ERROR - Failed to bag_dag: /opt/airflow/dags/data_quality.py
Traceback (most recent call last):
  File "/home/airflow/.local/lib/python3.12/site-packages/airflow/timetables/_cron.py", line 102, in validate
    croniter(self._expression)
  File "/home/airflow/.local/lib/python3.12/site-packages/croniter/croniter.py", line 271, in __init__
    self.expanded, self.nth_weekday_of_month = self.expand(
                                               ^^^^^^^^^^^^
  File "/home/airflow/.local/lib/python3.12/site-packages/croniter/croniter.py", line 1032, in expand
    return cls._expand(expr_format, hash_id=hash_id,
           ^^^^^^^^^^^^^^^^^^^^^^^^^^^^^^^^^^^^^^^^^
  File "/home/airflow/.local/lib/python3.12/site-packages/croniter/croniter.py", line 834, in _expand
    raise CroniterBadCronError(cls.bad_length)
croniter.croniter.CroniterBadCronError: Exactly 5, 6 or 7 columns has to be specified for iterator expression.

During handling of the above exception, another exception occurred:

Traceback (most recent call last):
  File "/home/airflow/.local/lib/python3.12/site-packages/airflow/models/dagbag.py", line 479, in _process_modules
    dag.validate()
  File "/home/airflow/.local/lib/python3.12/site-packages/airflow/models/dag.py", line 845, in validate
    self.timetable.validate()
  File "/home/airflow/.local/lib/python3.12/site-packages/airflow/timetables/_cron.py", line 104, in validate
    raise AirflowTimetableInvalid(str(e))
airflow.exceptions.AirflowTimetableInvalid: Exactly 5, 6 or 7 columns has to be specified for iterator expression.
[2025-06-15T15:30:21.024+0000] {processor.py:927} WARNING - No viable dags retrieved from /opt/airflow/dags/data_quality.py
[2025-06-15T15:30:21.180+0000] {processor.py:208} INFO - Processing /opt/airflow/dags/data_quality.py took 3.326 seconds
[2025-06-15T15:30:52.034+0000] {processor.py:186} INFO - Started process (PID=2047) to work on /opt/airflow/dags/data_quality.py
[2025-06-15T15:30:52.064+0000] {processor.py:914} INFO - Processing file /opt/airflow/dags/data_quality.py for tasks to queue
[2025-06-15T15:30:52.148+0000] {logging_mixin.py:190} INFO - [2025-06-15T15:30:52.147+0000] {dagbag.py:588} INFO - Filling up the DagBag from /opt/airflow/dags/data_quality.py
[2025-06-15T15:30:54.471+0000] {logging_mixin.py:190} INFO - [2025-06-15T15:30:54.458+0000] {dagbag.py:484} ERROR - Failed to bag_dag: /opt/airflow/dags/data_quality.py
Traceback (most recent call last):
  File "/home/airflow/.local/lib/python3.12/site-packages/airflow/timetables/_cron.py", line 102, in validate
    croniter(self._expression)
  File "/home/airflow/.local/lib/python3.12/site-packages/croniter/croniter.py", line 271, in __init__
    self.expanded, self.nth_weekday_of_month = self.expand(
                                               ^^^^^^^^^^^^
  File "/home/airflow/.local/lib/python3.12/site-packages/croniter/croniter.py", line 1032, in expand
    return cls._expand(expr_format, hash_id=hash_id,
           ^^^^^^^^^^^^^^^^^^^^^^^^^^^^^^^^^^^^^^^^^
  File "/home/airflow/.local/lib/python3.12/site-packages/croniter/croniter.py", line 834, in _expand
    raise CroniterBadCronError(cls.bad_length)
croniter.croniter.CroniterBadCronError: Exactly 5, 6 or 7 columns has to be specified for iterator expression.

During handling of the above exception, another exception occurred:

Traceback (most recent call last):
  File "/home/airflow/.local/lib/python3.12/site-packages/airflow/models/dagbag.py", line 479, in _process_modules
    dag.validate()
  File "/home/airflow/.local/lib/python3.12/site-packages/airflow/models/dag.py", line 845, in validate
    self.timetable.validate()
  File "/home/airflow/.local/lib/python3.12/site-packages/airflow/timetables/_cron.py", line 104, in validate
    raise AirflowTimetableInvalid(str(e))
airflow.exceptions.AirflowTimetableInvalid: Exactly 5, 6 or 7 columns has to be specified for iterator expression.
[2025-06-15T15:30:54.474+0000] {processor.py:927} WARNING - No viable dags retrieved from /opt/airflow/dags/data_quality.py
[2025-06-15T15:30:54.570+0000] {processor.py:208} INFO - Processing /opt/airflow/dags/data_quality.py took 2.601 seconds
[2025-06-15T15:31:26.552+0000] {processor.py:186} INFO - Started process (PID=2060) to work on /opt/airflow/dags/data_quality.py
[2025-06-15T15:31:26.587+0000] {processor.py:914} INFO - Processing file /opt/airflow/dags/data_quality.py for tasks to queue
[2025-06-15T15:31:26.657+0000] {logging_mixin.py:190} INFO - [2025-06-15T15:31:26.656+0000] {dagbag.py:588} INFO - Filling up the DagBag from /opt/airflow/dags/data_quality.py
[2025-06-15T15:31:33.073+0000] {logging_mixin.py:190} INFO - [2025-06-15T15:31:33.044+0000] {dagbag.py:484} ERROR - Failed to bag_dag: /opt/airflow/dags/data_quality.py
Traceback (most recent call last):
  File "/home/airflow/.local/lib/python3.12/site-packages/airflow/timetables/_cron.py", line 102, in validate
    croniter(self._expression)
  File "/home/airflow/.local/lib/python3.12/site-packages/croniter/croniter.py", line 271, in __init__
    self.expanded, self.nth_weekday_of_month = self.expand(
                                               ^^^^^^^^^^^^
  File "/home/airflow/.local/lib/python3.12/site-packages/croniter/croniter.py", line 1032, in expand
    return cls._expand(expr_format, hash_id=hash_id,
           ^^^^^^^^^^^^^^^^^^^^^^^^^^^^^^^^^^^^^^^^^
  File "/home/airflow/.local/lib/python3.12/site-packages/croniter/croniter.py", line 834, in _expand
    raise CroniterBadCronError(cls.bad_length)
croniter.croniter.CroniterBadCronError: Exactly 5, 6 or 7 columns has to be specified for iterator expression.

During handling of the above exception, another exception occurred:

Traceback (most recent call last):
  File "/home/airflow/.local/lib/python3.12/site-packages/airflow/models/dagbag.py", line 479, in _process_modules
    dag.validate()
  File "/home/airflow/.local/lib/python3.12/site-packages/airflow/models/dag.py", line 845, in validate
    self.timetable.validate()
  File "/home/airflow/.local/lib/python3.12/site-packages/airflow/timetables/_cron.py", line 104, in validate
    raise AirflowTimetableInvalid(str(e))
airflow.exceptions.AirflowTimetableInvalid: Exactly 5, 6 or 7 columns has to be specified for iterator expression.
[2025-06-15T15:31:33.191+0000] {processor.py:927} WARNING - No viable dags retrieved from /opt/airflow/dags/data_quality.py
[2025-06-15T15:31:33.439+0000] {processor.py:208} INFO - Processing /opt/airflow/dags/data_quality.py took 6.927 seconds
[2025-06-15T15:32:06.706+0000] {processor.py:186} INFO - Started process (PID=2072) to work on /opt/airflow/dags/data_quality.py
[2025-06-15T15:32:06.772+0000] {processor.py:914} INFO - Processing file /opt/airflow/dags/data_quality.py for tasks to queue
[2025-06-15T15:32:06.848+0000] {logging_mixin.py:190} INFO - [2025-06-15T15:32:06.847+0000] {dagbag.py:588} INFO - Filling up the DagBag from /opt/airflow/dags/data_quality.py
[2025-06-15T15:32:14.597+0000] {logging_mixin.py:190} INFO - [2025-06-15T15:32:14.566+0000] {dagbag.py:484} ERROR - Failed to bag_dag: /opt/airflow/dags/data_quality.py
Traceback (most recent call last):
  File "/home/airflow/.local/lib/python3.12/site-packages/airflow/timetables/_cron.py", line 102, in validate
    croniter(self._expression)
  File "/home/airflow/.local/lib/python3.12/site-packages/croniter/croniter.py", line 271, in __init__
    self.expanded, self.nth_weekday_of_month = self.expand(
                                               ^^^^^^^^^^^^
  File "/home/airflow/.local/lib/python3.12/site-packages/croniter/croniter.py", line 1032, in expand
    return cls._expand(expr_format, hash_id=hash_id,
           ^^^^^^^^^^^^^^^^^^^^^^^^^^^^^^^^^^^^^^^^^
  File "/home/airflow/.local/lib/python3.12/site-packages/croniter/croniter.py", line 834, in _expand
    raise CroniterBadCronError(cls.bad_length)
croniter.croniter.CroniterBadCronError: Exactly 5, 6 or 7 columns has to be specified for iterator expression.

During handling of the above exception, another exception occurred:

Traceback (most recent call last):
  File "/home/airflow/.local/lib/python3.12/site-packages/airflow/models/dagbag.py", line 479, in _process_modules
    dag.validate()
  File "/home/airflow/.local/lib/python3.12/site-packages/airflow/models/dag.py", line 845, in validate
    self.timetable.validate()
  File "/home/airflow/.local/lib/python3.12/site-packages/airflow/timetables/_cron.py", line 104, in validate
    raise AirflowTimetableInvalid(str(e))
airflow.exceptions.AirflowTimetableInvalid: Exactly 5, 6 or 7 columns has to be specified for iterator expression.
[2025-06-15T15:32:14.618+0000] {processor.py:927} WARNING - No viable dags retrieved from /opt/airflow/dags/data_quality.py
[2025-06-15T15:32:14.840+0000] {processor.py:208} INFO - Processing /opt/airflow/dags/data_quality.py took 8.187 seconds
[2025-06-15T15:32:45.711+0000] {processor.py:186} INFO - Started process (PID=2090) to work on /opt/airflow/dags/data_quality.py
[2025-06-15T15:32:45.714+0000] {processor.py:914} INFO - Processing file /opt/airflow/dags/data_quality.py for tasks to queue
[2025-06-15T15:32:45.738+0000] {logging_mixin.py:190} INFO - [2025-06-15T15:32:45.733+0000] {dagbag.py:588} INFO - Filling up the DagBag from /opt/airflow/dags/data_quality.py
[2025-06-15T15:32:47.317+0000] {logging_mixin.py:190} INFO - [2025-06-15T15:32:47.310+0000] {dagbag.py:484} ERROR - Failed to bag_dag: /opt/airflow/dags/data_quality.py
Traceback (most recent call last):
  File "/home/airflow/.local/lib/python3.12/site-packages/airflow/timetables/_cron.py", line 102, in validate
    croniter(self._expression)
  File "/home/airflow/.local/lib/python3.12/site-packages/croniter/croniter.py", line 271, in __init__
    self.expanded, self.nth_weekday_of_month = self.expand(
                                               ^^^^^^^^^^^^
  File "/home/airflow/.local/lib/python3.12/site-packages/croniter/croniter.py", line 1032, in expand
    return cls._expand(expr_format, hash_id=hash_id,
           ^^^^^^^^^^^^^^^^^^^^^^^^^^^^^^^^^^^^^^^^^
  File "/home/airflow/.local/lib/python3.12/site-packages/croniter/croniter.py", line 834, in _expand
    raise CroniterBadCronError(cls.bad_length)
croniter.croniter.CroniterBadCronError: Exactly 5, 6 or 7 columns has to be specified for iterator expression.

During handling of the above exception, another exception occurred:

Traceback (most recent call last):
  File "/home/airflow/.local/lib/python3.12/site-packages/airflow/models/dagbag.py", line 479, in _process_modules
    dag.validate()
  File "/home/airflow/.local/lib/python3.12/site-packages/airflow/models/dag.py", line 845, in validate
    self.timetable.validate()
  File "/home/airflow/.local/lib/python3.12/site-packages/airflow/timetables/_cron.py", line 104, in validate
    raise AirflowTimetableInvalid(str(e))
airflow.exceptions.AirflowTimetableInvalid: Exactly 5, 6 or 7 columns has to be specified for iterator expression.
[2025-06-15T15:32:47.320+0000] {processor.py:927} WARNING - No viable dags retrieved from /opt/airflow/dags/data_quality.py
[2025-06-15T15:32:47.420+0000] {processor.py:208} INFO - Processing /opt/airflow/dags/data_quality.py took 1.782 seconds
[2025-06-15T15:33:17.925+0000] {processor.py:186} INFO - Started process (PID=2102) to work on /opt/airflow/dags/data_quality.py
[2025-06-15T15:33:17.940+0000] {processor.py:914} INFO - Processing file /opt/airflow/dags/data_quality.py for tasks to queue
[2025-06-15T15:33:17.949+0000] {logging_mixin.py:190} INFO - [2025-06-15T15:33:17.948+0000] {dagbag.py:588} INFO - Filling up the DagBag from /opt/airflow/dags/data_quality.py
[2025-06-15T15:33:19.829+0000] {logging_mixin.py:190} INFO - [2025-06-15T15:33:19.811+0000] {dagbag.py:484} ERROR - Failed to bag_dag: /opt/airflow/dags/data_quality.py
Traceback (most recent call last):
  File "/home/airflow/.local/lib/python3.12/site-packages/airflow/timetables/_cron.py", line 102, in validate
    croniter(self._expression)
  File "/home/airflow/.local/lib/python3.12/site-packages/croniter/croniter.py", line 271, in __init__
    self.expanded, self.nth_weekday_of_month = self.expand(
                                               ^^^^^^^^^^^^
  File "/home/airflow/.local/lib/python3.12/site-packages/croniter/croniter.py", line 1032, in expand
    return cls._expand(expr_format, hash_id=hash_id,
           ^^^^^^^^^^^^^^^^^^^^^^^^^^^^^^^^^^^^^^^^^
  File "/home/airflow/.local/lib/python3.12/site-packages/croniter/croniter.py", line 834, in _expand
    raise CroniterBadCronError(cls.bad_length)
croniter.croniter.CroniterBadCronError: Exactly 5, 6 or 7 columns has to be specified for iterator expression.

During handling of the above exception, another exception occurred:

Traceback (most recent call last):
  File "/home/airflow/.local/lib/python3.12/site-packages/airflow/models/dagbag.py", line 479, in _process_modules
    dag.validate()
  File "/home/airflow/.local/lib/python3.12/site-packages/airflow/models/dag.py", line 845, in validate
    self.timetable.validate()
  File "/home/airflow/.local/lib/python3.12/site-packages/airflow/timetables/_cron.py", line 104, in validate
    raise AirflowTimetableInvalid(str(e))
airflow.exceptions.AirflowTimetableInvalid: Exactly 5, 6 or 7 columns has to be specified for iterator expression.
[2025-06-15T15:33:19.832+0000] {processor.py:927} WARNING - No viable dags retrieved from /opt/airflow/dags/data_quality.py
[2025-06-15T15:33:19.912+0000] {processor.py:208} INFO - Processing /opt/airflow/dags/data_quality.py took 2.012 seconds
[2025-06-15T15:33:50.133+0000] {processor.py:186} INFO - Started process (PID=2114) to work on /opt/airflow/dags/data_quality.py
[2025-06-15T15:33:50.139+0000] {processor.py:914} INFO - Processing file /opt/airflow/dags/data_quality.py for tasks to queue
[2025-06-15T15:33:50.156+0000] {logging_mixin.py:190} INFO - [2025-06-15T15:33:50.151+0000] {dagbag.py:588} INFO - Filling up the DagBag from /opt/airflow/dags/data_quality.py
[2025-06-15T15:33:51.504+0000] {logging_mixin.py:190} INFO - [2025-06-15T15:33:51.498+0000] {dagbag.py:484} ERROR - Failed to bag_dag: /opt/airflow/dags/data_quality.py
Traceback (most recent call last):
  File "/home/airflow/.local/lib/python3.12/site-packages/airflow/timetables/_cron.py", line 102, in validate
    croniter(self._expression)
  File "/home/airflow/.local/lib/python3.12/site-packages/croniter/croniter.py", line 271, in __init__
    self.expanded, self.nth_weekday_of_month = self.expand(
                                               ^^^^^^^^^^^^
  File "/home/airflow/.local/lib/python3.12/site-packages/croniter/croniter.py", line 1032, in expand
    return cls._expand(expr_format, hash_id=hash_id,
           ^^^^^^^^^^^^^^^^^^^^^^^^^^^^^^^^^^^^^^^^^
  File "/home/airflow/.local/lib/python3.12/site-packages/croniter/croniter.py", line 834, in _expand
    raise CroniterBadCronError(cls.bad_length)
croniter.croniter.CroniterBadCronError: Exactly 5, 6 or 7 columns has to be specified for iterator expression.

During handling of the above exception, another exception occurred:

Traceback (most recent call last):
  File "/home/airflow/.local/lib/python3.12/site-packages/airflow/models/dagbag.py", line 479, in _process_modules
    dag.validate()
  File "/home/airflow/.local/lib/python3.12/site-packages/airflow/models/dag.py", line 845, in validate
    self.timetable.validate()
  File "/home/airflow/.local/lib/python3.12/site-packages/airflow/timetables/_cron.py", line 104, in validate
    raise AirflowTimetableInvalid(str(e))
airflow.exceptions.AirflowTimetableInvalid: Exactly 5, 6 or 7 columns has to be specified for iterator expression.
[2025-06-15T15:33:51.505+0000] {processor.py:927} WARNING - No viable dags retrieved from /opt/airflow/dags/data_quality.py
[2025-06-15T15:33:51.558+0000] {processor.py:208} INFO - Processing /opt/airflow/dags/data_quality.py took 1.454 seconds
[2025-06-15T15:34:22.940+0000] {processor.py:186} INFO - Started process (PID=2125) to work on /opt/airflow/dags/data_quality.py
[2025-06-15T15:34:22.972+0000] {processor.py:914} INFO - Processing file /opt/airflow/dags/data_quality.py for tasks to queue
[2025-06-15T15:34:23.007+0000] {logging_mixin.py:190} INFO - [2025-06-15T15:34:23.005+0000] {dagbag.py:588} INFO - Filling up the DagBag from /opt/airflow/dags/data_quality.py
[2025-06-15T15:34:26.784+0000] {logging_mixin.py:190} INFO - [2025-06-15T15:34:26.776+0000] {dagbag.py:484} ERROR - Failed to bag_dag: /opt/airflow/dags/data_quality.py
Traceback (most recent call last):
  File "/home/airflow/.local/lib/python3.12/site-packages/airflow/timetables/_cron.py", line 102, in validate
    croniter(self._expression)
  File "/home/airflow/.local/lib/python3.12/site-packages/croniter/croniter.py", line 271, in __init__
    self.expanded, self.nth_weekday_of_month = self.expand(
                                               ^^^^^^^^^^^^
  File "/home/airflow/.local/lib/python3.12/site-packages/croniter/croniter.py", line 1032, in expand
    return cls._expand(expr_format, hash_id=hash_id,
           ^^^^^^^^^^^^^^^^^^^^^^^^^^^^^^^^^^^^^^^^^
  File "/home/airflow/.local/lib/python3.12/site-packages/croniter/croniter.py", line 834, in _expand
    raise CroniterBadCronError(cls.bad_length)
croniter.croniter.CroniterBadCronError: Exactly 5, 6 or 7 columns has to be specified for iterator expression.

During handling of the above exception, another exception occurred:

Traceback (most recent call last):
  File "/home/airflow/.local/lib/python3.12/site-packages/airflow/models/dagbag.py", line 479, in _process_modules
    dag.validate()
  File "/home/airflow/.local/lib/python3.12/site-packages/airflow/models/dag.py", line 845, in validate
    self.timetable.validate()
  File "/home/airflow/.local/lib/python3.12/site-packages/airflow/timetables/_cron.py", line 104, in validate
    raise AirflowTimetableInvalid(str(e))
airflow.exceptions.AirflowTimetableInvalid: Exactly 5, 6 or 7 columns has to be specified for iterator expression.
[2025-06-15T15:34:26.786+0000] {processor.py:927} WARNING - No viable dags retrieved from /opt/airflow/dags/data_quality.py
[2025-06-15T15:34:26.892+0000] {processor.py:208} INFO - Processing /opt/airflow/dags/data_quality.py took 4.032 seconds
[2025-06-15T15:35:03.229+0000] {processor.py:186} INFO - Started process (PID=2136) to work on /opt/airflow/dags/data_quality.py
[2025-06-15T15:35:03.376+0000] {processor.py:914} INFO - Processing file /opt/airflow/dags/data_quality.py for tasks to queue
[2025-06-15T15:35:03.494+0000] {logging_mixin.py:190} INFO - [2025-06-15T15:35:03.493+0000] {dagbag.py:588} INFO - Filling up the DagBag from /opt/airflow/dags/data_quality.py
[2025-06-15T15:35:13.182+0000] {logging_mixin.py:190} INFO - [2025-06-15T15:35:13.151+0000] {dagbag.py:484} ERROR - Failed to bag_dag: /opt/airflow/dags/data_quality.py
Traceback (most recent call last):
  File "/home/airflow/.local/lib/python3.12/site-packages/airflow/timetables/_cron.py", line 102, in validate
    croniter(self._expression)
  File "/home/airflow/.local/lib/python3.12/site-packages/croniter/croniter.py", line 271, in __init__
    self.expanded, self.nth_weekday_of_month = self.expand(
                                               ^^^^^^^^^^^^
  File "/home/airflow/.local/lib/python3.12/site-packages/croniter/croniter.py", line 1032, in expand
    return cls._expand(expr_format, hash_id=hash_id,
           ^^^^^^^^^^^^^^^^^^^^^^^^^^^^^^^^^^^^^^^^^
  File "/home/airflow/.local/lib/python3.12/site-packages/croniter/croniter.py", line 834, in _expand
    raise CroniterBadCronError(cls.bad_length)
croniter.croniter.CroniterBadCronError: Exactly 5, 6 or 7 columns has to be specified for iterator expression.

During handling of the above exception, another exception occurred:

Traceback (most recent call last):
  File "/home/airflow/.local/lib/python3.12/site-packages/airflow/models/dagbag.py", line 479, in _process_modules
    dag.validate()
  File "/home/airflow/.local/lib/python3.12/site-packages/airflow/models/dag.py", line 845, in validate
    self.timetable.validate()
  File "/home/airflow/.local/lib/python3.12/site-packages/airflow/timetables/_cron.py", line 104, in validate
    raise AirflowTimetableInvalid(str(e))
airflow.exceptions.AirflowTimetableInvalid: Exactly 5, 6 or 7 columns has to be specified for iterator expression.
[2025-06-15T15:35:13.253+0000] {processor.py:927} WARNING - No viable dags retrieved from /opt/airflow/dags/data_quality.py
[2025-06-15T15:35:13.495+0000] {processor.py:208} INFO - Processing /opt/airflow/dags/data_quality.py took 10.331 seconds
[2025-06-15T18:35:41.936+0000] {processor.py:186} INFO - Started process (PID=2149) to work on /opt/airflow/dags/data_quality.py
[2025-06-15T18:35:41.950+0000] {processor.py:914} INFO - Processing file /opt/airflow/dags/data_quality.py for tasks to queue
[2025-06-15T18:35:41.969+0000] {logging_mixin.py:190} INFO - [2025-06-15T18:35:41.968+0000] {dagbag.py:588} INFO - Filling up the DagBag from /opt/airflow/dags/data_quality.py
[2025-06-16T06:50:26.159+0000] {logging_mixin.py:190} INFO - [2025-06-16T06:50:26.113+0000] {dagbag.py:484} ERROR - Failed to bag_dag: /opt/airflow/dags/data_quality.py
Traceback (most recent call last):
  File "/home/airflow/.local/lib/python3.12/site-packages/airflow/timetables/_cron.py", line 102, in validate
    croniter(self._expression)
  File "/home/airflow/.local/lib/python3.12/site-packages/croniter/croniter.py", line 271, in __init__
    self.expanded, self.nth_weekday_of_month = self.expand(
                                               ^^^^^^^^^^^^
  File "/home/airflow/.local/lib/python3.12/site-packages/croniter/croniter.py", line 1032, in expand
    return cls._expand(expr_format, hash_id=hash_id,
           ^^^^^^^^^^^^^^^^^^^^^^^^^^^^^^^^^^^^^^^^^
  File "/home/airflow/.local/lib/python3.12/site-packages/croniter/croniter.py", line 834, in _expand
    raise CroniterBadCronError(cls.bad_length)
croniter.croniter.CroniterBadCronError: Exactly 5, 6 or 7 columns has to be specified for iterator expression.

During handling of the above exception, another exception occurred:

Traceback (most recent call last):
  File "/home/airflow/.local/lib/python3.12/site-packages/airflow/models/dagbag.py", line 479, in _process_modules
    dag.validate()
  File "/home/airflow/.local/lib/python3.12/site-packages/airflow/models/dag.py", line 845, in validate
    self.timetable.validate()
  File "/home/airflow/.local/lib/python3.12/site-packages/airflow/timetables/_cron.py", line 104, in validate
    raise AirflowTimetableInvalid(str(e))
airflow.exceptions.AirflowTimetableInvalid: Exactly 5, 6 or 7 columns has to be specified for iterator expression.
[2025-06-16T06:50:26.173+0000] {processor.py:927} WARNING - No viable dags retrieved from /opt/airflow/dags/data_quality.py
[2025-06-16T06:50:26.556+0000] {processor.py:208} INFO - Processing /opt/airflow/dags/data_quality.py took 11.699 seconds
